Files already downloaded and verified
Files already downloaded and verified
[2021-03-23 19:21:06] INFO (nni.nas.pytorch.trainer/MainThread) Creating graph json, writing to logs/1616527265.9353275. Visualization enabled.
[2021-03-23 19:22:04] INFO (nni.nas.pytorch.trainer/MainThread) Epoch 1 Training
[2021-03-23 19:22:06] INFO (nni.algorithms.nas.pytorch.darts.trainer/MainThread) Epoch [1/50] Step [1/391]  acc1 0.078125 (0.078125)  loss 2.434406 (2.434406)
[2021-03-23 19:22:25] INFO (nni.algorithms.nas.pytorch.darts.trainer/MainThread) Epoch [1/50] Step [11/391]  acc1 0.187500 (0.167614)  loss 2.054631 (2.227380)
[2021-03-23 19:22:43] INFO (nni.algorithms.nas.pytorch.darts.trainer/MainThread) Epoch [1/50] Step [21/391]  acc1 0.265625 (0.196429)  loss 1.965184 (2.148018)
[2021-03-23 19:23:02] INFO (nni.algorithms.nas.pytorch.darts.trainer/MainThread) Epoch [1/50] Step [31/391]  acc1 0.296875 (0.237399)  loss 1.984373 (2.056394)
[2021-03-23 19:23:20] INFO (nni.algorithms.nas.pytorch.darts.trainer/MainThread) Epoch [1/50] Step [41/391]  acc1 0.234375 (0.243902)  loss 1.697587 (2.017452)
[2021-03-23 19:23:39] INFO (nni.algorithms.nas.pytorch.darts.trainer/MainThread) Epoch [1/50] Step [51/391]  acc1 0.359375 (0.256434)  loss 2.046627 (1.987666)
[2021-03-23 19:23:57] INFO (nni.algorithms.nas.pytorch.darts.trainer/MainThread) Epoch [1/50] Step [61/391]  acc1 0.218750 (0.265625)  loss 1.833978 (1.965479)
[2021-03-23 19:24:17] INFO (nni.algorithms.nas.pytorch.darts.trainer/MainThread) Epoch [1/50] Step [71/391]  acc1 0.390625 (0.276188)  loss 1.723370 (1.935793)
[2021-03-23 19:24:35] INFO (nni.algorithms.nas.pytorch.darts.trainer/MainThread) Epoch [1/50] Step [81/391]  acc1 0.359375 (0.288194)  loss 1.597315 (1.907275)
[2021-03-23 19:24:54] INFO (nni.algorithms.nas.pytorch.darts.trainer/MainThread) Epoch [1/50] Step [91/391]  acc1 0.343750 (0.296360)  loss 1.752445 (1.895547)
[2021-03-23 19:25:12] INFO (nni.algorithms.nas.pytorch.darts.trainer/MainThread) Epoch [1/50] Step [101/391]  acc1 0.328125 (0.299196)  loss 1.807380 (1.887866)
[2021-03-23 19:25:31] INFO (nni.algorithms.nas.pytorch.darts.trainer/MainThread) Epoch [1/50] Step [111/391]  acc1 0.343750 (0.303350)  loss 1.621086 (1.873425)
[2021-03-23 19:25:49] INFO (nni.algorithms.nas.pytorch.darts.trainer/MainThread) Epoch [1/50] Step [121/391]  acc1 0.437500 (0.308755)  loss 1.521116 (1.854097)
[2021-03-23 19:26:07] INFO (nni.algorithms.nas.pytorch.darts.trainer/MainThread) Epoch [1/50] Step [131/391]  acc1 0.328125 (0.313812)  loss 1.889513 (1.842787)
[2021-03-23 19:26:26] INFO (nni.algorithms.nas.pytorch.darts.trainer/MainThread) Epoch [1/50] Step [141/391]  acc1 0.453125 (0.318041)  loss 1.438918 (1.828432)
[2021-03-23 19:26:44] INFO (nni.algorithms.nas.pytorch.darts.trainer/MainThread) Epoch [1/50] Step [151/391]  acc1 0.328125 (0.321606)  loss 1.586008 (1.815404)
[2021-03-23 19:27:02] INFO (nni.algorithms.nas.pytorch.darts.trainer/MainThread) Epoch [1/50] Step [161/391]  acc1 0.390625 (0.327057)  loss 1.533110 (1.799785)
[2021-03-23 19:27:21] INFO (nni.algorithms.nas.pytorch.darts.trainer/MainThread) Epoch [1/50] Step [171/391]  acc1 0.593750 (0.333607)  loss 1.237574 (1.784831)
[2021-03-23 19:27:39] INFO (nni.algorithms.nas.pytorch.darts.trainer/MainThread) Epoch [1/50] Step [181/391]  acc1 0.390625 (0.339002)  loss 1.569492 (1.773600)
[2021-03-23 19:27:57] INFO (nni.algorithms.nas.pytorch.darts.trainer/MainThread) Epoch [1/50] Step [191/391]  acc1 0.484375 (0.344650)  loss 1.500693 (1.760157)
[2021-03-23 19:28:15] INFO (nni.algorithms.nas.pytorch.darts.trainer/MainThread) Epoch [1/50] Step [201/391]  acc1 0.390625 (0.348103)  loss 1.479831 (1.750038)
[2021-03-23 19:28:34] INFO (nni.algorithms.nas.pytorch.darts.trainer/MainThread) Epoch [1/50] Step [211/391]  acc1 0.468750 (0.352784)  loss 1.411802 (1.738283)
[2021-03-23 19:28:52] INFO (nni.algorithms.nas.pytorch.darts.trainer/MainThread) Epoch [1/50] Step [221/391]  acc1 0.406250 (0.357890)  loss 1.570261 (1.728229)
[2021-03-23 19:29:10] INFO (nni.algorithms.nas.pytorch.darts.trainer/MainThread) Epoch [1/50] Step [231/391]  acc1 0.437500 (0.361742)  loss 1.430749 (1.717955)
[2021-03-23 19:29:28] INFO (nni.algorithms.nas.pytorch.darts.trainer/MainThread) Epoch [1/50] Step [241/391]  acc1 0.484375 (0.365664)  loss 1.345004 (1.706609)
[2021-03-23 19:29:47] INFO (nni.algorithms.nas.pytorch.darts.trainer/MainThread) Epoch [1/50] Step [251/391]  acc1 0.468750 (0.368962)  loss 1.500325 (1.698298)
[2021-03-23 19:30:05] INFO (nni.algorithms.nas.pytorch.darts.trainer/MainThread) Epoch [1/50] Step [261/391]  acc1 0.421875 (0.371648)  loss 1.621096 (1.690205)
[2021-03-23 19:30:24] INFO (nni.algorithms.nas.pytorch.darts.trainer/MainThread) Epoch [1/50] Step [271/391]  acc1 0.500000 (0.375173)  loss 1.430648 (1.678833)
[2021-03-23 19:30:42] INFO (nni.algorithms.nas.pytorch.darts.trainer/MainThread) Epoch [1/50] Step [281/391]  acc1 0.484375 (0.380227)  loss 1.421713 (1.666661)
[2021-03-23 19:31:00] INFO (nni.algorithms.nas.pytorch.darts.trainer/MainThread) Epoch [1/50] Step [291/391]  acc1 0.515625 (0.384719)  loss 1.463080 (1.655978)
[2021-03-23 19:31:19] INFO (nni.algorithms.nas.pytorch.darts.trainer/MainThread) Epoch [1/50] Step [301/391]  acc1 0.546875 (0.389275)  loss 1.351848 (1.645348)
[2021-03-23 19:31:37] INFO (nni.algorithms.nas.pytorch.darts.trainer/MainThread) Epoch [1/50] Step [311/391]  acc1 0.406250 (0.392785)  loss 1.514018 (1.637411)
[2021-03-23 19:31:55] INFO (nni.algorithms.nas.pytorch.darts.trainer/MainThread) Epoch [1/50] Step [321/391]  acc1 0.406250 (0.396077)  loss 1.555886 (1.627304)
[2021-03-23 19:32:14] INFO (nni.algorithms.nas.pytorch.darts.trainer/MainThread) Epoch [1/50] Step [331/391]  acc1 0.437500 (0.398697)  loss 1.522801 (1.620733)
[2021-03-23 19:32:32] INFO (nni.algorithms.nas.pytorch.darts.trainer/MainThread) Epoch [1/50] Step [341/391]  acc1 0.468750 (0.402768)  loss 1.505328 (1.610514)
[2021-03-23 19:32:51] INFO (nni.algorithms.nas.pytorch.darts.trainer/MainThread) Epoch [1/50] Step [351/391]  acc1 0.406250 (0.405493)  loss 1.661410 (1.603587)
[2021-03-23 19:33:09] INFO (nni.algorithms.nas.pytorch.darts.trainer/MainThread) Epoch [1/50] Step [361/391]  acc1 0.531250 (0.408934)  loss 1.385665 (1.596451)
[2021-03-23 19:33:27] INFO (nni.algorithms.nas.pytorch.darts.trainer/MainThread) Epoch [1/50] Step [371/391]  acc1 0.593750 (0.412483)  loss 1.272058 (1.587142)
[2021-03-23 19:33:46] INFO (nni.algorithms.nas.pytorch.darts.trainer/MainThread) Epoch [1/50] Step [381/391]  acc1 0.531250 (0.415436)  loss 1.221170 (1.580070)
[2021-03-23 19:34:04] INFO (nni.algorithms.nas.pytorch.darts.trainer/MainThread) Epoch [1/50] Step [391/391]  acc1 0.600000 (0.418534)  loss 1.101294 (1.571321)
[2021-03-23 19:34:04] INFO (nni.nas.pytorch.trainer/MainThread) Epoch 1 Validating
[2021-03-23 19:34:04] INFO (nni.algorithms.nas.pytorch.darts.trainer/MainThread) Epoch [1/50] Step [1/157]  acc1 0.546875 (0.546875)
[2021-03-23 19:34:06] INFO (nni.algorithms.nas.pytorch.darts.trainer/MainThread) Epoch [1/50] Step [11/157]  acc1 0.437500 (0.491477)
[2021-03-23 19:34:09] INFO (nni.algorithms.nas.pytorch.darts.trainer/MainThread) Epoch [1/50] Step [21/157]  acc1 0.546875 (0.505952)
[2021-03-23 19:34:11] INFO (nni.algorithms.nas.pytorch.darts.trainer/MainThread) Epoch [1/50] Step [31/157]  acc1 0.453125 (0.512097)
[2021-03-23 19:34:13] INFO (nni.algorithms.nas.pytorch.darts.trainer/MainThread) Epoch [1/50] Step [41/157]  acc1 0.421875 (0.503811)
[2021-03-23 19:34:15] INFO (nni.algorithms.nas.pytorch.darts.trainer/MainThread) Epoch [1/50] Step [51/157]  acc1 0.437500 (0.509498)
[2021-03-23 19:34:18] INFO (nni.algorithms.nas.pytorch.darts.trainer/MainThread) Epoch [1/50] Step [61/157]  acc1 0.484375 (0.507684)
[2021-03-23 19:34:20] INFO (nni.algorithms.nas.pytorch.darts.trainer/MainThread) Epoch [1/50] Step [71/157]  acc1 0.515625 (0.510123)
[2021-03-23 19:34:22] INFO (nni.algorithms.nas.pytorch.darts.trainer/MainThread) Epoch [1/50] Step [81/157]  acc1 0.546875 (0.508488)
[2021-03-23 19:34:24] INFO (nni.algorithms.nas.pytorch.darts.trainer/MainThread) Epoch [1/50] Step [91/157]  acc1 0.578125 (0.506696)
[2021-03-23 19:34:27] INFO (nni.algorithms.nas.pytorch.darts.trainer/MainThread) Epoch [1/50] Step [101/157]  acc1 0.468750 (0.504950)
[2021-03-23 19:34:29] INFO (nni.algorithms.nas.pytorch.darts.trainer/MainThread) Epoch [1/50] Step [111/157]  acc1 0.593750 (0.505068)
[2021-03-23 19:34:31] INFO (nni.algorithms.nas.pytorch.darts.trainer/MainThread) Epoch [1/50] Step [121/157]  acc1 0.500000 (0.506327)
[2021-03-23 19:34:33] INFO (nni.algorithms.nas.pytorch.darts.trainer/MainThread) Epoch [1/50] Step [131/157]  acc1 0.531250 (0.505725)
[2021-03-23 19:34:36] INFO (nni.algorithms.nas.pytorch.darts.trainer/MainThread) Epoch [1/50] Step [141/157]  acc1 0.609375 (0.503989)
[2021-03-23 19:34:38] INFO (nni.algorithms.nas.pytorch.darts.trainer/MainThread) Epoch [1/50] Step [151/157]  acc1 0.515625 (0.505588)
[2021-03-23 19:34:39] INFO (nni.nas.pytorch.callbacks/MainThread) Saving architecture to ./checkpoints/epoch_0.json
[2021-03-23 19:34:39] INFO (nni.nas.pytorch.trainer/MainThread) Epoch 2 Training
[2021-03-23 19:34:42] INFO (nni.algorithms.nas.pytorch.darts.trainer/MainThread) Epoch [2/50] Step [1/391]  acc1 0.562500 (0.562500)  loss 1.288915 (1.288915)
[2021-03-23 19:35:00] INFO (nni.algorithms.nas.pytorch.darts.trainer/MainThread) Epoch [2/50] Step [11/391]  acc1 0.656250 (0.544034)  loss 0.983341 (1.273434)
[2021-03-23 19:35:18] INFO (nni.algorithms.nas.pytorch.darts.trainer/MainThread) Epoch [2/50] Step [21/391]  acc1 0.578125 (0.542411)  loss 1.133252 (1.268737)
[2021-03-23 19:35:37] INFO (nni.algorithms.nas.pytorch.darts.trainer/MainThread) Epoch [2/50] Step [31/391]  acc1 0.656250 (0.555444)  loss 1.131600 (1.243006)
[2021-03-23 19:35:55] INFO (nni.algorithms.nas.pytorch.darts.trainer/MainThread) Epoch [2/50] Step [41/391]  acc1 0.578125 (0.548018)  loss 1.279212 (1.256189)
[2021-03-23 19:36:13] INFO (nni.algorithms.nas.pytorch.darts.trainer/MainThread) Epoch [2/50] Step [51/391]  acc1 0.593750 (0.554534)  loss 1.078009 (1.245068)
[2021-03-23 19:36:32] INFO (nni.algorithms.nas.pytorch.darts.trainer/MainThread) Epoch [2/50] Step [61/391]  acc1 0.609375 (0.553279)  loss 1.125895 (1.244964)
[2021-03-23 19:36:50] INFO (nni.algorithms.nas.pytorch.darts.trainer/MainThread) Epoch [2/50] Step [71/391]  acc1 0.640625 (0.552597)  loss 1.047042 (1.245072)
[2021-03-23 19:37:09] INFO (nni.algorithms.nas.pytorch.darts.trainer/MainThread) Epoch [2/50] Step [81/391]  acc1 0.687500 (0.554977)  loss 0.895226 (1.237238)
[2021-03-23 19:37:27] INFO (nni.algorithms.nas.pytorch.darts.trainer/MainThread) Epoch [2/50] Step [91/391]  acc1 0.453125 (0.556490)  loss 1.257966 (1.228155)
[2021-03-23 19:37:45] INFO (nni.algorithms.nas.pytorch.darts.trainer/MainThread) Epoch [2/50] Step [101/391]  acc1 0.593750 (0.558323)  loss 1.169213 (1.222085)
[2021-03-23 19:38:04] INFO (nni.algorithms.nas.pytorch.darts.trainer/MainThread) Epoch [2/50] Step [111/391]  acc1 0.578125 (0.560248)  loss 1.115159 (1.216957)
[2021-03-23 19:38:22] INFO (nni.algorithms.nas.pytorch.darts.trainer/MainThread) Epoch [2/50] Step [121/391]  acc1 0.609375 (0.563275)  loss 0.962993 (1.211555)
[2021-03-23 19:38:40] INFO (nni.algorithms.nas.pytorch.darts.trainer/MainThread) Epoch [2/50] Step [131/391]  acc1 0.578125 (0.565720)  loss 1.297768 (1.210196)
[2021-03-23 19:38:59] INFO (nni.algorithms.nas.pytorch.darts.trainer/MainThread) Epoch [2/50] Step [141/391]  acc1 0.484375 (0.565935)  loss 1.438715 (1.210948)
[2021-03-23 19:39:17] INFO (nni.algorithms.nas.pytorch.darts.trainer/MainThread) Epoch [2/50] Step [151/391]  acc1 0.515625 (0.569123)  loss 1.399590 (1.204211)
[2021-03-23 19:39:35] INFO (nni.algorithms.nas.pytorch.darts.trainer/MainThread) Epoch [2/50] Step [161/391]  acc1 0.640625 (0.569876)  loss 0.999646 (1.203200)
[2021-03-23 19:39:54] INFO (nni.algorithms.nas.pytorch.darts.trainer/MainThread) Epoch [2/50] Step [171/391]  acc1 0.578125 (0.570998)  loss 1.149724 (1.199658)
[2021-03-23 19:40:12] INFO (nni.algorithms.nas.pytorch.darts.trainer/MainThread) Epoch [2/50] Step [181/391]  acc1 0.546875 (0.572945)  loss 1.038273 (1.192739)
[2021-03-23 19:40:30] INFO (nni.algorithms.nas.pytorch.darts.trainer/MainThread) Epoch [2/50] Step [191/391]  acc1 0.500000 (0.573135)  loss 1.396303 (1.193847)
[2021-03-23 19:40:49] INFO (nni.algorithms.nas.pytorch.darts.trainer/MainThread) Epoch [2/50] Step [201/391]  acc1 0.687500 (0.573694)  loss 0.974108 (1.190517)
[2021-03-23 19:41:07] INFO (nni.algorithms.nas.pytorch.darts.trainer/MainThread) Epoch [2/50] Step [211/391]  acc1 0.609375 (0.574941)  loss 1.036599 (1.187248)
[2021-03-23 19:41:26] INFO (nni.algorithms.nas.pytorch.darts.trainer/MainThread) Epoch [2/50] Step [221/391]  acc1 0.640625 (0.577064)  loss 0.959957 (1.181923)
[2021-03-23 19:41:44] INFO (nni.algorithms.nas.pytorch.darts.trainer/MainThread) Epoch [2/50] Step [231/391]  acc1 0.468750 (0.577652)  loss 1.415602 (1.180615)
[2021-03-23 19:42:03] INFO (nni.algorithms.nas.pytorch.darts.trainer/MainThread) Epoch [2/50] Step [241/391]  acc1 0.625000 (0.579681)  loss 1.114602 (1.175311)
[2021-03-23 19:42:21] INFO (nni.algorithms.nas.pytorch.darts.trainer/MainThread) Epoch [2/50] Step [251/391]  acc1 0.593750 (0.579806)  loss 1.215848 (1.175228)
[2021-03-23 19:42:39] INFO (nni.algorithms.nas.pytorch.darts.trainer/MainThread) Epoch [2/50] Step [261/391]  acc1 0.734375 (0.581238)  loss 0.842715 (1.171714)
[2021-03-23 19:42:58] INFO (nni.algorithms.nas.pytorch.darts.trainer/MainThread) Epoch [2/50] Step [271/391]  acc1 0.703125 (0.582103)  loss 1.041124 (1.170348)
[2021-03-23 19:43:16] INFO (nni.algorithms.nas.pytorch.darts.trainer/MainThread) Epoch [2/50] Step [281/391]  acc1 0.687500 (0.584575)  loss 0.930841 (1.165585)
[2021-03-23 19:43:35] INFO (nni.algorithms.nas.pytorch.darts.trainer/MainThread) Epoch [2/50] Step [291/391]  acc1 0.656250 (0.586340)  loss 1.006292 (1.161320)
[2021-03-23 19:43:53] INFO (nni.algorithms.nas.pytorch.darts.trainer/MainThread) Epoch [2/50] Step [301/391]  acc1 0.609375 (0.587780)  loss 1.128784 (1.158513)
[2021-03-23 19:44:12] INFO (nni.algorithms.nas.pytorch.darts.trainer/MainThread) Epoch [2/50] Step [311/391]  acc1 0.578125 (0.588324)  loss 1.192231 (1.154594)
[2021-03-23 19:44:30] INFO (nni.algorithms.nas.pytorch.darts.trainer/MainThread) Epoch [2/50] Step [321/391]  acc1 0.656250 (0.589807)  loss 0.884745 (1.151067)
[2021-03-23 19:44:48] INFO (nni.algorithms.nas.pytorch.darts.trainer/MainThread) Epoch [2/50] Step [331/391]  acc1 0.562500 (0.590918)  loss 1.163311 (1.146812)
[2021-03-23 19:45:07] INFO (nni.algorithms.nas.pytorch.darts.trainer/MainThread) Epoch [2/50] Step [341/391]  acc1 0.625000 (0.592330)  loss 1.077893 (1.142656)
[2021-03-23 19:45:25] INFO (nni.algorithms.nas.pytorch.darts.trainer/MainThread) Epoch [2/50] Step [351/391]  acc1 0.671875 (0.593216)  loss 0.891543 (1.140028)
[2021-03-23 19:45:44] INFO (nni.algorithms.nas.pytorch.darts.trainer/MainThread) Epoch [2/50] Step [361/391]  acc1 0.640625 (0.593880)  loss 0.865225 (1.138477)
[2021-03-23 19:46:02] INFO (nni.algorithms.nas.pytorch.darts.trainer/MainThread) Epoch [2/50] Step [371/391]  acc1 0.593750 (0.594171)  loss 1.115976 (1.136652)
[2021-03-23 19:46:20] INFO (nni.algorithms.nas.pytorch.darts.trainer/MainThread) Epoch [2/50] Step [381/391]  acc1 0.578125 (0.594652)  loss 1.052758 (1.133825)
[2021-03-23 19:46:38] INFO (nni.algorithms.nas.pytorch.darts.trainer/MainThread) Epoch [2/50] Step [391/391]  acc1 0.625000 (0.596148)  loss 0.934816 (1.128978)
[2021-03-23 19:46:38] INFO (nni.nas.pytorch.trainer/MainThread) Epoch 2 Validating
[2021-03-23 19:46:39] INFO (nni.algorithms.nas.pytorch.darts.trainer/MainThread) Epoch [2/50] Step [1/157]  acc1 0.562500 (0.562500)
[2021-03-23 19:46:41] INFO (nni.algorithms.nas.pytorch.darts.trainer/MainThread) Epoch [2/50] Step [11/157]  acc1 0.640625 (0.565341)
[2021-03-23 19:46:43] INFO (nni.algorithms.nas.pytorch.darts.trainer/MainThread) Epoch [2/50] Step [21/157]  acc1 0.546875 (0.581101)
[2021-03-23 19:46:46] INFO (nni.algorithms.nas.pytorch.darts.trainer/MainThread) Epoch [2/50] Step [31/157]  acc1 0.578125 (0.593246)
[2021-03-23 19:46:48] INFO (nni.algorithms.nas.pytorch.darts.trainer/MainThread) Epoch [2/50] Step [41/157]  acc1 0.546875 (0.594131)
[2021-03-23 19:46:50] INFO (nni.algorithms.nas.pytorch.darts.trainer/MainThread) Epoch [2/50] Step [51/157]  acc1 0.625000 (0.598652)
[2021-03-23 19:46:52] INFO (nni.algorithms.nas.pytorch.darts.trainer/MainThread) Epoch [2/50] Step [61/157]  acc1 0.625000 (0.596055)
[2021-03-23 19:46:55] INFO (nni.algorithms.nas.pytorch.darts.trainer/MainThread) Epoch [2/50] Step [71/157]  acc1 0.625000 (0.596831)
[2021-03-23 19:46:57] INFO (nni.algorithms.nas.pytorch.darts.trainer/MainThread) Epoch [2/50] Step [81/157]  acc1 0.687500 (0.603974)
[2021-03-23 19:46:59] INFO (nni.algorithms.nas.pytorch.darts.trainer/MainThread) Epoch [2/50] Step [91/157]  acc1 0.656250 (0.601820)
[2021-03-23 19:47:01] INFO (nni.algorithms.nas.pytorch.darts.trainer/MainThread) Epoch [2/50] Step [101/157]  acc1 0.515625 (0.602568)
[2021-03-23 19:47:04] INFO (nni.algorithms.nas.pytorch.darts.trainer/MainThread) Epoch [2/50] Step [111/157]  acc1 0.640625 (0.601914)
[2021-03-23 19:47:06] INFO (nni.algorithms.nas.pytorch.darts.trainer/MainThread) Epoch [2/50] Step [121/157]  acc1 0.687500 (0.602660)
[2021-03-23 19:47:08] INFO (nni.algorithms.nas.pytorch.darts.trainer/MainThread) Epoch [2/50] Step [131/157]  acc1 0.531250 (0.601861)
[2021-03-23 19:47:10] INFO (nni.algorithms.nas.pytorch.darts.trainer/MainThread) Epoch [2/50] Step [141/157]  acc1 0.671875 (0.601840)
[2021-03-23 19:47:13] INFO (nni.algorithms.nas.pytorch.darts.trainer/MainThread) Epoch [2/50] Step [151/157]  acc1 0.609375 (0.601614)
[2021-03-23 19:47:14] INFO (nni.nas.pytorch.callbacks/MainThread) Saving architecture to ./checkpoints/epoch_1.json
[2021-03-23 19:47:14] INFO (nni.nas.pytorch.trainer/MainThread) Epoch 3 Training
[2021-03-23 19:47:16] INFO (nni.algorithms.nas.pytorch.darts.trainer/MainThread) Epoch [3/50] Step [1/391]  acc1 0.640625 (0.640625)  loss 0.944847 (0.944847)
[2021-03-23 19:47:34] INFO (nni.algorithms.nas.pytorch.darts.trainer/MainThread) Epoch [3/50] Step [11/391]  acc1 0.750000 (0.617898)  loss 0.766955 (1.090373)
[2021-03-23 19:47:53] INFO (nni.algorithms.nas.pytorch.darts.trainer/MainThread) Epoch [3/50] Step [21/391]  acc1 0.593750 (0.629464)  loss 1.167364 (1.071410)
[2021-03-23 19:48:11] INFO (nni.algorithms.nas.pytorch.darts.trainer/MainThread) Epoch [3/50] Step [31/391]  acc1 0.718750 (0.630544)  loss 0.846449 (1.037925)
[2021-03-23 19:48:30] INFO (nni.algorithms.nas.pytorch.darts.trainer/MainThread) Epoch [3/50] Step [41/391]  acc1 0.718750 (0.631479)  loss 0.955207 (1.042306)
[2021-03-23 19:48:48] INFO (nni.algorithms.nas.pytorch.darts.trainer/MainThread) Epoch [3/50] Step [51/391]  acc1 0.562500 (0.639400)  loss 1.041912 (1.025358)
[2021-03-23 19:49:06] INFO (nni.algorithms.nas.pytorch.darts.trainer/MainThread) Epoch [3/50] Step [61/391]  acc1 0.734375 (0.645748)  loss 0.891307 (1.006169)
[2021-03-23 19:49:25] INFO (nni.algorithms.nas.pytorch.darts.trainer/MainThread) Epoch [3/50] Step [71/391]  acc1 0.734375 (0.643266)  loss 0.963735 (1.014928)
[2021-03-23 19:49:43] INFO (nni.algorithms.nas.pytorch.darts.trainer/MainThread) Epoch [3/50] Step [81/391]  acc1 0.578125 (0.644483)  loss 1.057971 (1.005856)
[2021-03-23 19:50:01] INFO (nni.algorithms.nas.pytorch.darts.trainer/MainThread) Epoch [3/50] Step [91/391]  acc1 0.640625 (0.644231)  loss 1.158562 (1.010424)
[2021-03-23 19:50:20] INFO (nni.algorithms.nas.pytorch.darts.trainer/MainThread) Epoch [3/50] Step [101/391]  acc1 0.531250 (0.645730)  loss 1.071872 (1.001755)
[2021-03-23 19:50:38] INFO (nni.algorithms.nas.pytorch.darts.trainer/MainThread) Epoch [3/50] Step [111/391]  acc1 0.640625 (0.646678)  loss 0.874133 (0.995460)
[2021-03-23 19:50:56] INFO (nni.algorithms.nas.pytorch.darts.trainer/MainThread) Epoch [3/50] Step [121/391]  acc1 0.609375 (0.647986)  loss 0.964184 (0.991898)
[2021-03-23 19:51:15] INFO (nni.algorithms.nas.pytorch.darts.trainer/MainThread) Epoch [3/50] Step [131/391]  acc1 0.671875 (0.648378)  loss 0.779287 (0.990465)
[2021-03-23 19:51:33] INFO (nni.algorithms.nas.pytorch.darts.trainer/MainThread) Epoch [3/50] Step [141/391]  acc1 0.703125 (0.651263)  loss 0.870757 (0.984150)
[2021-03-23 19:51:52] INFO (nni.algorithms.nas.pytorch.darts.trainer/MainThread) Epoch [3/50] Step [151/391]  acc1 0.687500 (0.651387)  loss 0.779395 (0.984027)
[2021-03-23 19:52:10] INFO (nni.algorithms.nas.pytorch.darts.trainer/MainThread) Epoch [3/50] Step [161/391]  acc1 0.640625 (0.652174)  loss 0.943777 (0.981626)
[2021-03-23 19:52:28] INFO (nni.algorithms.nas.pytorch.darts.trainer/MainThread) Epoch [3/50] Step [171/391]  acc1 0.625000 (0.652595)  loss 1.125455 (0.981351)
[2021-03-23 19:52:47] INFO (nni.algorithms.nas.pytorch.darts.trainer/MainThread) Epoch [3/50] Step [181/391]  acc1 0.703125 (0.656595)  loss 0.878660 (0.973463)
[2021-03-23 19:53:05] INFO (nni.algorithms.nas.pytorch.darts.trainer/MainThread) Epoch [3/50] Step [191/391]  acc1 0.593750 (0.658132)  loss 1.128624 (0.970759)
[2021-03-23 19:53:23] INFO (nni.algorithms.nas.pytorch.darts.trainer/MainThread) Epoch [3/50] Step [201/391]  acc1 0.718750 (0.659359)  loss 0.904185 (0.969324)
[2021-03-23 19:53:42] INFO (nni.algorithms.nas.pytorch.darts.trainer/MainThread) Epoch [3/50] Step [211/391]  acc1 0.593750 (0.659064)  loss 0.966517 (0.969848)
[2021-03-23 19:54:00] INFO (nni.algorithms.nas.pytorch.darts.trainer/MainThread) Epoch [3/50] Step [221/391]  acc1 0.671875 (0.657947)  loss 0.994627 (0.970542)
[2021-03-23 19:54:18] INFO (nni.algorithms.nas.pytorch.darts.trainer/MainThread) Epoch [3/50] Step [231/391]  acc1 0.593750 (0.657332)  loss 1.054121 (0.970306)
[2021-03-23 19:54:37] INFO (nni.algorithms.nas.pytorch.darts.trainer/MainThread) Epoch [3/50] Step [241/391]  acc1 0.656250 (0.658325)  loss 0.799038 (0.967025)
[2021-03-23 19:54:55] INFO (nni.algorithms.nas.pytorch.darts.trainer/MainThread) Epoch [3/50] Step [251/391]  acc1 0.625000 (0.658553)  loss 1.064013 (0.964471)
[2021-03-23 19:55:13] INFO (nni.algorithms.nas.pytorch.darts.trainer/MainThread) Epoch [3/50] Step [261/391]  acc1 0.734375 (0.659483)  loss 0.755352 (0.959903)
[2021-03-23 19:55:32] INFO (nni.algorithms.nas.pytorch.darts.trainer/MainThread) Epoch [3/50] Step [271/391]  acc1 0.656250 (0.658441)  loss 1.085666 (0.961819)
[2021-03-23 19:55:50] INFO (nni.algorithms.nas.pytorch.darts.trainer/MainThread) Epoch [3/50] Step [281/391]  acc1 0.640625 (0.658975)  loss 1.019633 (0.960042)
[2021-03-23 19:56:08] INFO (nni.algorithms.nas.pytorch.darts.trainer/MainThread) Epoch [3/50] Step [291/391]  acc1 0.687500 (0.660277)  loss 0.833746 (0.956459)
[2021-03-23 19:56:27] INFO (nni.algorithms.nas.pytorch.darts.trainer/MainThread) Epoch [3/50] Step [301/391]  acc1 0.609375 (0.660559)  loss 0.977201 (0.955025)
[2021-03-23 19:56:45] INFO (nni.algorithms.nas.pytorch.darts.trainer/MainThread) Epoch [3/50] Step [311/391]  acc1 0.656250 (0.660621)  loss 0.915693 (0.954260)
[2021-03-23 19:57:03] INFO (nni.algorithms.nas.pytorch.darts.trainer/MainThread) Epoch [3/50] Step [321/391]  acc1 0.687500 (0.661312)  loss 0.933333 (0.952060)
[2021-03-23 19:57:22] INFO (nni.algorithms.nas.pytorch.darts.trainer/MainThread) Epoch [3/50] Step [331/391]  acc1 0.734375 (0.661773)  loss 0.815906 (0.949895)
[2021-03-23 19:57:40] INFO (nni.algorithms.nas.pytorch.darts.trainer/MainThread) Epoch [3/50] Step [341/391]  acc1 0.703125 (0.662482)  loss 0.912756 (0.948738)
[2021-03-23 19:57:59] INFO (nni.algorithms.nas.pytorch.darts.trainer/MainThread) Epoch [3/50] Step [351/391]  acc1 0.781250 (0.663506)  loss 0.638693 (0.945920)
[2021-03-23 19:58:17] INFO (nni.algorithms.nas.pytorch.darts.trainer/MainThread) Epoch [3/50] Step [361/391]  acc1 0.765625 (0.664127)  loss 0.857401 (0.943961)
[2021-03-23 19:58:35] INFO (nni.algorithms.nas.pytorch.darts.trainer/MainThread) Epoch [3/50] Step [371/391]  acc1 0.593750 (0.664926)  loss 0.901708 (0.941488)
[2021-03-23 19:58:53] INFO (nni.algorithms.nas.pytorch.darts.trainer/MainThread) Epoch [3/50] Step [381/391]  acc1 0.796875 (0.666298)  loss 0.885398 (0.939397)
[2021-03-23 19:59:11] INFO (nni.algorithms.nas.pytorch.darts.trainer/MainThread) Epoch [3/50] Step [391/391]  acc1 0.800000 (0.667567)  loss 0.630393 (0.936608)
[2021-03-23 19:59:12] INFO (nni.nas.pytorch.trainer/MainThread) Epoch 3 Validating
[2021-03-23 19:59:12] INFO (nni.algorithms.nas.pytorch.darts.trainer/MainThread) Epoch [3/50] Step [1/157]  acc1 0.578125 (0.578125)
[2021-03-23 19:59:14] INFO (nni.algorithms.nas.pytorch.darts.trainer/MainThread) Epoch [3/50] Step [11/157]  acc1 0.640625 (0.669034)
[2021-03-23 19:59:17] INFO (nni.algorithms.nas.pytorch.darts.trainer/MainThread) Epoch [3/50] Step [21/157]  acc1 0.703125 (0.664435)
[2021-03-23 19:59:19] INFO (nni.algorithms.nas.pytorch.darts.trainer/MainThread) Epoch [3/50] Step [31/157]  acc1 0.640625 (0.660786)
[2021-03-23 19:59:21] INFO (nni.algorithms.nas.pytorch.darts.trainer/MainThread) Epoch [3/50] Step [41/157]  acc1 0.703125 (0.663872)
[2021-03-23 19:59:23] INFO (nni.algorithms.nas.pytorch.darts.trainer/MainThread) Epoch [3/50] Step [51/157]  acc1 0.687500 (0.667586)
[2021-03-23 19:59:26] INFO (nni.algorithms.nas.pytorch.darts.trainer/MainThread) Epoch [3/50] Step [61/157]  acc1 0.640625 (0.668545)
[2021-03-23 19:59:28] INFO (nni.algorithms.nas.pytorch.darts.trainer/MainThread) Epoch [3/50] Step [71/157]  acc1 0.687500 (0.670114)
[2021-03-23 19:59:30] INFO (nni.algorithms.nas.pytorch.darts.trainer/MainThread) Epoch [3/50] Step [81/157]  acc1 0.625000 (0.669174)
[2021-03-23 19:59:33] INFO (nni.algorithms.nas.pytorch.darts.trainer/MainThread) Epoch [3/50] Step [91/157]  acc1 0.687500 (0.668441)
[2021-03-23 19:59:35] INFO (nni.algorithms.nas.pytorch.darts.trainer/MainThread) Epoch [3/50] Step [101/157]  acc1 0.625000 (0.666306)
[2021-03-23 19:59:37] INFO (nni.algorithms.nas.pytorch.darts.trainer/MainThread) Epoch [3/50] Step [111/157]  acc1 0.687500 (0.663992)
[2021-03-23 19:59:39] INFO (nni.algorithms.nas.pytorch.darts.trainer/MainThread) Epoch [3/50] Step [121/157]  acc1 0.718750 (0.668001)
[2021-03-23 19:59:42] INFO (nni.algorithms.nas.pytorch.darts.trainer/MainThread) Epoch [3/50] Step [131/157]  acc1 0.609375 (0.665553)
[2021-03-23 19:59:44] INFO (nni.algorithms.nas.pytorch.darts.trainer/MainThread) Epoch [3/50] Step [141/157]  acc1 0.781250 (0.663785)
[2021-03-23 19:59:46] INFO (nni.algorithms.nas.pytorch.darts.trainer/MainThread) Epoch [3/50] Step [151/157]  acc1 0.671875 (0.665252)
[2021-03-23 19:59:48] INFO (nni.nas.pytorch.callbacks/MainThread) Saving architecture to ./checkpoints/epoch_2.json
[2021-03-23 19:59:48] INFO (nni.nas.pytorch.trainer/MainThread) Epoch 4 Training
[2021-03-23 19:59:50] INFO (nni.algorithms.nas.pytorch.darts.trainer/MainThread) Epoch [4/50] Step [1/391]  acc1 0.765625 (0.765625)  loss 0.705486 (0.705486)
[2021-03-23 20:00:08] INFO (nni.algorithms.nas.pytorch.darts.trainer/MainThread) Epoch [4/50] Step [11/391]  acc1 0.671875 (0.711648)  loss 1.094429 (0.860610)
[2021-03-23 20:00:27] INFO (nni.algorithms.nas.pytorch.darts.trainer/MainThread) Epoch [4/50] Step [21/391]  acc1 0.781250 (0.710565)  loss 0.633568 (0.847379)
[2021-03-23 20:00:45] INFO (nni.algorithms.nas.pytorch.darts.trainer/MainThread) Epoch [4/50] Step [31/391]  acc1 0.765625 (0.712702)  loss 0.791337 (0.824718)
[2021-03-23 20:01:04] INFO (nni.algorithms.nas.pytorch.darts.trainer/MainThread) Epoch [4/50] Step [41/391]  acc1 0.781250 (0.719131)  loss 0.640418 (0.814048)
[2021-03-23 20:01:22] INFO (nni.algorithms.nas.pytorch.darts.trainer/MainThread) Epoch [4/50] Step [51/391]  acc1 0.703125 (0.716299)  loss 0.889669 (0.816764)
[2021-03-23 20:01:41] INFO (nni.algorithms.nas.pytorch.darts.trainer/MainThread) Epoch [4/50] Step [61/391]  acc1 0.687500 (0.713627)  loss 0.890305 (0.823278)
[2021-03-23 20:01:59] INFO (nni.algorithms.nas.pytorch.darts.trainer/MainThread) Epoch [4/50] Step [71/391]  acc1 0.656250 (0.710167)  loss 1.094590 (0.826637)
[2021-03-23 20:02:18] INFO (nni.algorithms.nas.pytorch.darts.trainer/MainThread) Epoch [4/50] Step [81/391]  acc1 0.750000 (0.712963)  loss 0.793057 (0.825971)
[2021-03-23 20:02:36] INFO (nni.algorithms.nas.pytorch.darts.trainer/MainThread) Epoch [4/50] Step [91/391]  acc1 0.593750 (0.709650)  loss 1.016107 (0.830044)
[2021-03-23 20:02:55] INFO (nni.algorithms.nas.pytorch.darts.trainer/MainThread) Epoch [4/50] Step [101/391]  acc1 0.781250 (0.711634)  loss 0.827079 (0.824700)
[2021-03-23 20:03:13] INFO (nni.algorithms.nas.pytorch.darts.trainer/MainThread) Epoch [4/50] Step [111/391]  acc1 0.687500 (0.712556)  loss 0.777857 (0.818598)
[2021-03-23 20:03:32] INFO (nni.algorithms.nas.pytorch.darts.trainer/MainThread) Epoch [4/50] Step [121/391]  acc1 0.718750 (0.711777)  loss 0.935652 (0.818618)
[2021-03-23 20:03:50] INFO (nni.algorithms.nas.pytorch.darts.trainer/MainThread) Epoch [4/50] Step [131/391]  acc1 0.796875 (0.713860)  loss 0.689652 (0.816139)
[2021-03-23 20:04:09] INFO (nni.algorithms.nas.pytorch.darts.trainer/MainThread) Epoch [4/50] Step [141/391]  acc1 0.609375 (0.712212)  loss 1.043227 (0.817896)
[2021-03-23 20:04:27] INFO (nni.algorithms.nas.pytorch.darts.trainer/MainThread) Epoch [4/50] Step [151/391]  acc1 0.625000 (0.712127)  loss 0.978916 (0.818619)
[2021-03-23 20:04:46] INFO (nni.algorithms.nas.pytorch.darts.trainer/MainThread) Epoch [4/50] Step [161/391]  acc1 0.796875 (0.712345)  loss 0.626508 (0.816060)
[2021-03-23 20:05:04] INFO (nni.algorithms.nas.pytorch.darts.trainer/MainThread) Epoch [4/50] Step [171/391]  acc1 0.625000 (0.711166)  loss 0.965447 (0.820054)
[2021-03-23 20:05:23] INFO (nni.algorithms.nas.pytorch.darts.trainer/MainThread) Epoch [4/50] Step [181/391]  acc1 0.687500 (0.712189)  loss 0.906415 (0.819970)
[2021-03-23 20:05:41] INFO (nni.algorithms.nas.pytorch.darts.trainer/MainThread) Epoch [4/50] Step [191/391]  acc1 0.671875 (0.712615)  loss 0.731030 (0.818760)
[2021-03-23 20:06:00] INFO (nni.algorithms.nas.pytorch.darts.trainer/MainThread) Epoch [4/50] Step [201/391]  acc1 0.812500 (0.712609)  loss 0.630739 (0.817530)
[2021-03-23 20:06:18] INFO (nni.algorithms.nas.pytorch.darts.trainer/MainThread) Epoch [4/50] Step [211/391]  acc1 0.812500 (0.713048)  loss 0.472523 (0.813893)
[2021-03-23 20:06:37] INFO (nni.algorithms.nas.pytorch.darts.trainer/MainThread) Epoch [4/50] Step [221/391]  acc1 0.671875 (0.712882)  loss 0.942440 (0.814425)
[2021-03-23 20:06:55] INFO (nni.algorithms.nas.pytorch.darts.trainer/MainThread) Epoch [4/50] Step [231/391]  acc1 0.703125 (0.712662)  loss 0.806072 (0.813891)
[2021-03-23 20:07:14] INFO (nni.algorithms.nas.pytorch.darts.trainer/MainThread) Epoch [4/50] Step [241/391]  acc1 0.718750 (0.712720)  loss 0.634656 (0.814150)
[2021-03-23 20:07:32] INFO (nni.algorithms.nas.pytorch.darts.trainer/MainThread) Epoch [4/50] Step [251/391]  acc1 0.687500 (0.713210)  loss 1.072635 (0.811315)
[2021-03-23 20:07:51] INFO (nni.algorithms.nas.pytorch.darts.trainer/MainThread) Epoch [4/50] Step [261/391]  acc1 0.703125 (0.713242)  loss 0.916614 (0.810322)
[2021-03-23 20:08:09] INFO (nni.algorithms.nas.pytorch.darts.trainer/MainThread) Epoch [4/50] Step [271/391]  acc1 0.765625 (0.713734)  loss 0.735639 (0.810880)
[2021-03-23 20:08:28] INFO (nni.algorithms.nas.pytorch.darts.trainer/MainThread) Epoch [4/50] Step [281/391]  acc1 0.718750 (0.715302)  loss 0.800566 (0.807852)
[2021-03-23 20:08:46] INFO (nni.algorithms.nas.pytorch.darts.trainer/MainThread) Epoch [4/50] Step [291/391]  acc1 0.765625 (0.714777)  loss 0.684161 (0.808824)
[2021-03-23 20:09:05] INFO (nni.algorithms.nas.pytorch.darts.trainer/MainThread) Epoch [4/50] Step [301/391]  acc1 0.687500 (0.715687)  loss 0.725738 (0.806156)
[2021-03-23 20:09:23] INFO (nni.algorithms.nas.pytorch.darts.trainer/MainThread) Epoch [4/50] Step [311/391]  acc1 0.718750 (0.716389)  loss 0.988828 (0.806176)
[2021-03-23 20:09:42] INFO (nni.algorithms.nas.pytorch.darts.trainer/MainThread) Epoch [4/50] Step [321/391]  acc1 0.703125 (0.717144)  loss 0.762773 (0.805081)
[2021-03-23 20:10:00] INFO (nni.algorithms.nas.pytorch.darts.trainer/MainThread) Epoch [4/50] Step [331/391]  acc1 0.843750 (0.717287)  loss 0.664709 (0.804084)
[2021-03-23 20:10:18] INFO (nni.algorithms.nas.pytorch.darts.trainer/MainThread) Epoch [4/50] Step [341/391]  acc1 0.750000 (0.717650)  loss 0.968584 (0.802845)
[2021-03-23 20:10:37] INFO (nni.algorithms.nas.pytorch.darts.trainer/MainThread) Epoch [4/50] Step [351/391]  acc1 0.703125 (0.717325)  loss 0.788111 (0.802693)
[2021-03-23 20:10:55] INFO (nni.algorithms.nas.pytorch.darts.trainer/MainThread) Epoch [4/50] Step [361/391]  acc1 0.781250 (0.718187)  loss 0.780680 (0.800960)
[2021-03-23 20:11:13] INFO (nni.algorithms.nas.pytorch.darts.trainer/MainThread) Epoch [4/50] Step [371/391]  acc1 0.703125 (0.718160)  loss 0.786149 (0.800760)
[2021-03-23 20:11:32] INFO (nni.algorithms.nas.pytorch.darts.trainer/MainThread) Epoch [4/50] Step [381/391]  acc1 0.781250 (0.717725)  loss 0.788549 (0.802361)
[2021-03-23 20:11:50] INFO (nni.algorithms.nas.pytorch.darts.trainer/MainThread) Epoch [4/50] Step [391/391]  acc1 0.725000 (0.718326)  loss 0.882317 (0.801125)
[2021-03-23 20:11:50] INFO (nni.nas.pytorch.trainer/MainThread) Epoch 4 Validating
[2021-03-23 20:11:50] INFO (nni.algorithms.nas.pytorch.darts.trainer/MainThread) Epoch [4/50] Step [1/157]  acc1 0.656250 (0.656250)
[2021-03-23 20:11:52] INFO (nni.algorithms.nas.pytorch.darts.trainer/MainThread) Epoch [4/50] Step [11/157]  acc1 0.625000 (0.715909)
[2021-03-23 20:11:55] INFO (nni.algorithms.nas.pytorch.darts.trainer/MainThread) Epoch [4/50] Step [21/157]  acc1 0.671875 (0.708333)
[2021-03-23 20:11:57] INFO (nni.algorithms.nas.pytorch.darts.trainer/MainThread) Epoch [4/50] Step [31/157]  acc1 0.671875 (0.718246)
[2021-03-23 20:11:59] INFO (nni.algorithms.nas.pytorch.darts.trainer/MainThread) Epoch [4/50] Step [41/157]  acc1 0.703125 (0.711128)
[2021-03-23 20:12:02] INFO (nni.algorithms.nas.pytorch.darts.trainer/MainThread) Epoch [4/50] Step [51/157]  acc1 0.656250 (0.712929)
[2021-03-23 20:12:04] INFO (nni.algorithms.nas.pytorch.darts.trainer/MainThread) Epoch [4/50] Step [61/157]  acc1 0.781250 (0.712602)
[2021-03-23 20:12:06] INFO (nni.algorithms.nas.pytorch.darts.trainer/MainThread) Epoch [4/50] Step [71/157]  acc1 0.671875 (0.716329)
[2021-03-23 20:12:08] INFO (nni.algorithms.nas.pytorch.darts.trainer/MainThread) Epoch [4/50] Step [81/157]  acc1 0.781250 (0.719329)
[2021-03-23 20:12:11] INFO (nni.algorithms.nas.pytorch.darts.trainer/MainThread) Epoch [4/50] Step [91/157]  acc1 0.734375 (0.718407)
[2021-03-23 20:12:13] INFO (nni.algorithms.nas.pytorch.darts.trainer/MainThread) Epoch [4/50] Step [101/157]  acc1 0.718750 (0.716584)
[2021-03-23 20:12:15] INFO (nni.algorithms.nas.pytorch.darts.trainer/MainThread) Epoch [4/50] Step [111/157]  acc1 0.765625 (0.715512)
[2021-03-23 20:12:17] INFO (nni.algorithms.nas.pytorch.darts.trainer/MainThread) Epoch [4/50] Step [121/157]  acc1 0.781250 (0.717975)
[2021-03-23 20:12:20] INFO (nni.algorithms.nas.pytorch.darts.trainer/MainThread) Epoch [4/50] Step [131/157]  acc1 0.750000 (0.718631)
[2021-03-23 20:12:22] INFO (nni.algorithms.nas.pytorch.darts.trainer/MainThread) Epoch [4/50] Step [141/157]  acc1 0.687500 (0.717531)
[2021-03-23 20:12:24] INFO (nni.algorithms.nas.pytorch.darts.trainer/MainThread) Epoch [4/50] Step [151/157]  acc1 0.671875 (0.719474)
[2021-03-23 20:12:26] INFO (nni.nas.pytorch.callbacks/MainThread) Saving architecture to ./checkpoints/epoch_3.json
[2021-03-23 20:12:26] INFO (nni.nas.pytorch.trainer/MainThread) Epoch 5 Training
[2021-03-23 20:12:28] INFO (nni.algorithms.nas.pytorch.darts.trainer/MainThread) Epoch [5/50] Step [1/391]  acc1 0.640625 (0.640625)  loss 0.903844 (0.903844)
[2021-03-23 20:12:46] INFO (nni.algorithms.nas.pytorch.darts.trainer/MainThread) Epoch [5/50] Step [11/391]  acc1 0.734375 (0.735795)  loss 0.848996 (0.770909)
[2021-03-23 20:13:05] INFO (nni.algorithms.nas.pytorch.darts.trainer/MainThread) Epoch [5/50] Step [21/391]  acc1 0.843750 (0.747024)  loss 0.600564 (0.735210)
[2021-03-23 20:13:23] INFO (nni.algorithms.nas.pytorch.darts.trainer/MainThread) Epoch [5/50] Step [31/391]  acc1 0.781250 (0.749496)  loss 0.584578 (0.735701)
[2021-03-23 20:13:41] INFO (nni.algorithms.nas.pytorch.darts.trainer/MainThread) Epoch [5/50] Step [41/391]  acc1 0.640625 (0.745808)  loss 0.892722 (0.738174)
[2021-03-23 20:14:00] INFO (nni.algorithms.nas.pytorch.darts.trainer/MainThread) Epoch [5/50] Step [51/391]  acc1 0.593750 (0.739583)  loss 1.106490 (0.758881)
[2021-03-23 20:14:18] INFO (nni.algorithms.nas.pytorch.darts.trainer/MainThread) Epoch [5/50] Step [61/391]  acc1 0.765625 (0.738473)  loss 0.725415 (0.760472)
[2021-03-23 20:14:37] INFO (nni.algorithms.nas.pytorch.darts.trainer/MainThread) Epoch [5/50] Step [71/391]  acc1 0.765625 (0.739877)  loss 0.642362 (0.754502)
[2021-03-23 20:14:55] INFO (nni.algorithms.nas.pytorch.darts.trainer/MainThread) Epoch [5/50] Step [81/391]  acc1 0.656250 (0.736883)  loss 1.000373 (0.757956)
[2021-03-23 20:15:13] INFO (nni.algorithms.nas.pytorch.darts.trainer/MainThread) Epoch [5/50] Step [91/391]  acc1 0.718750 (0.739183)  loss 0.894683 (0.754341)
[2021-03-23 20:15:32] INFO (nni.algorithms.nas.pytorch.darts.trainer/MainThread) Epoch [5/50] Step [101/391]  acc1 0.765625 (0.737314)  loss 0.720950 (0.759588)
[2021-03-23 20:15:50] INFO (nni.algorithms.nas.pytorch.darts.trainer/MainThread) Epoch [5/50] Step [111/391]  acc1 0.781250 (0.739443)  loss 0.652560 (0.754665)
[2021-03-23 20:16:09] INFO (nni.algorithms.nas.pytorch.darts.trainer/MainThread) Epoch [5/50] Step [121/391]  acc1 0.687500 (0.739411)  loss 0.869814 (0.752214)
[2021-03-23 20:16:27] INFO (nni.algorithms.nas.pytorch.darts.trainer/MainThread) Epoch [5/50] Step [131/391]  acc1 0.765625 (0.738907)  loss 0.706077 (0.751739)
[2021-03-23 20:16:45] INFO (nni.algorithms.nas.pytorch.darts.trainer/MainThread) Epoch [5/50] Step [141/391]  acc1 0.671875 (0.739362)  loss 0.832543 (0.749959)
[2021-03-23 20:17:04] INFO (nni.algorithms.nas.pytorch.darts.trainer/MainThread) Epoch [5/50] Step [151/391]  acc1 0.796875 (0.740273)  loss 0.634749 (0.744660)
[2021-03-23 20:17:22] INFO (nni.algorithms.nas.pytorch.darts.trainer/MainThread) Epoch [5/50] Step [161/391]  acc1 0.781250 (0.740295)  loss 0.625074 (0.743390)
[2021-03-23 20:17:41] INFO (nni.algorithms.nas.pytorch.darts.trainer/MainThread) Epoch [5/50] Step [171/391]  acc1 0.687500 (0.741319)  loss 0.732791 (0.740922)
[2021-03-23 20:17:59] INFO (nni.algorithms.nas.pytorch.darts.trainer/MainThread) Epoch [5/50] Step [181/391]  acc1 0.781250 (0.742144)  loss 0.663981 (0.739931)
[2021-03-23 20:18:18] INFO (nni.algorithms.nas.pytorch.darts.trainer/MainThread) Epoch [5/50] Step [191/391]  acc1 0.734375 (0.742147)  loss 0.750645 (0.738610)
[2021-03-23 20:18:36] INFO (nni.algorithms.nas.pytorch.darts.trainer/MainThread) Epoch [5/50] Step [201/391]  acc1 0.750000 (0.742615)  loss 0.855487 (0.737640)
[2021-03-23 20:18:54] INFO (nni.algorithms.nas.pytorch.darts.trainer/MainThread) Epoch [5/50] Step [211/391]  acc1 0.734375 (0.741558)  loss 0.713355 (0.738369)
[2021-03-23 20:19:13] INFO (nni.algorithms.nas.pytorch.darts.trainer/MainThread) Epoch [5/50] Step [221/391]  acc1 0.718750 (0.741516)  loss 0.587555 (0.738465)
[2021-03-23 20:19:31] INFO (nni.algorithms.nas.pytorch.darts.trainer/MainThread) Epoch [5/50] Step [231/391]  acc1 0.765625 (0.741680)  loss 0.561519 (0.738959)
[2021-03-23 20:19:50] INFO (nni.algorithms.nas.pytorch.darts.trainer/MainThread) Epoch [5/50] Step [241/391]  acc1 0.703125 (0.741636)  loss 0.892251 (0.738450)
[2021-03-23 20:20:08] INFO (nni.algorithms.nas.pytorch.darts.trainer/MainThread) Epoch [5/50] Step [251/391]  acc1 0.671875 (0.741658)  loss 0.675306 (0.737163)
[2021-03-23 20:20:26] INFO (nni.algorithms.nas.pytorch.darts.trainer/MainThread) Epoch [5/50] Step [261/391]  acc1 0.718750 (0.741559)  loss 0.610085 (0.736664)
[2021-03-23 20:20:45] INFO (nni.algorithms.nas.pytorch.darts.trainer/MainThread) Epoch [5/50] Step [271/391]  acc1 0.781250 (0.741986)  loss 0.702364 (0.736467)
[2021-03-23 20:21:03] INFO (nni.algorithms.nas.pytorch.darts.trainer/MainThread) Epoch [5/50] Step [281/391]  acc1 0.828125 (0.742215)  loss 0.620575 (0.736399)
[2021-03-23 20:21:22] INFO (nni.algorithms.nas.pytorch.darts.trainer/MainThread) Epoch [5/50] Step [291/391]  acc1 0.781250 (0.743557)  loss 0.695416 (0.734023)
[2021-03-23 20:21:40] INFO (nni.algorithms.nas.pytorch.darts.trainer/MainThread) Epoch [5/50] Step [301/391]  acc1 0.687500 (0.744653)  loss 0.690303 (0.731505)
[2021-03-23 20:21:59] INFO (nni.algorithms.nas.pytorch.darts.trainer/MainThread) Epoch [5/50] Step [311/391]  acc1 0.812500 (0.744825)  loss 0.678779 (0.731636)
[2021-03-23 20:22:17] INFO (nni.algorithms.nas.pytorch.darts.trainer/MainThread) Epoch [5/50] Step [321/391]  acc1 0.750000 (0.746057)  loss 0.711612 (0.729877)
[2021-03-23 20:22:35] INFO (nni.algorithms.nas.pytorch.darts.trainer/MainThread) Epoch [5/50] Step [331/391]  acc1 0.687500 (0.746884)  loss 0.800277 (0.728359)
[2021-03-23 20:22:54] INFO (nni.algorithms.nas.pytorch.darts.trainer/MainThread) Epoch [5/50] Step [341/391]  acc1 0.734375 (0.747342)  loss 0.754611 (0.726335)
[2021-03-23 20:23:12] INFO (nni.algorithms.nas.pytorch.darts.trainer/MainThread) Epoch [5/50] Step [351/391]  acc1 0.843750 (0.748041)  loss 0.447860 (0.724617)
[2021-03-23 20:23:31] INFO (nni.algorithms.nas.pytorch.darts.trainer/MainThread) Epoch [5/50] Step [361/391]  acc1 0.531250 (0.748009)  loss 1.025336 (0.723159)
[2021-03-23 20:23:49] INFO (nni.algorithms.nas.pytorch.darts.trainer/MainThread) Epoch [5/50] Step [371/391]  acc1 0.843750 (0.747810)  loss 0.562336 (0.723499)
[2021-03-23 20:24:07] INFO (nni.algorithms.nas.pytorch.darts.trainer/MainThread) Epoch [5/50] Step [381/391]  acc1 0.765625 (0.748114)  loss 0.561636 (0.722246)
[2021-03-23 20:24:25] INFO (nni.algorithms.nas.pytorch.darts.trainer/MainThread) Epoch [5/50] Step [391/391]  acc1 0.725000 (0.747698)  loss 0.624587 (0.723211)
[2021-03-23 20:24:26] INFO (nni.nas.pytorch.trainer/MainThread) Epoch 5 Validating
[2021-03-23 20:24:26] INFO (nni.algorithms.nas.pytorch.darts.trainer/MainThread) Epoch [5/50] Step [1/157]  acc1 0.765625 (0.765625)
[2021-03-23 20:24:28] INFO (nni.algorithms.nas.pytorch.darts.trainer/MainThread) Epoch [5/50] Step [11/157]  acc1 0.703125 (0.764205)
[2021-03-23 20:24:31] INFO (nni.algorithms.nas.pytorch.darts.trainer/MainThread) Epoch [5/50] Step [21/157]  acc1 0.843750 (0.746280)
[2021-03-23 20:24:33] INFO (nni.algorithms.nas.pytorch.darts.trainer/MainThread) Epoch [5/50] Step [31/157]  acc1 0.671875 (0.753024)
[2021-03-23 20:24:35] INFO (nni.algorithms.nas.pytorch.darts.trainer/MainThread) Epoch [5/50] Step [41/157]  acc1 0.765625 (0.752287)
[2021-03-23 20:24:37] INFO (nni.algorithms.nas.pytorch.darts.trainer/MainThread) Epoch [5/50] Step [51/157]  acc1 0.750000 (0.756127)
[2021-03-23 20:24:40] INFO (nni.algorithms.nas.pytorch.darts.trainer/MainThread) Epoch [5/50] Step [61/157]  acc1 0.796875 (0.751025)
[2021-03-23 20:24:42] INFO (nni.algorithms.nas.pytorch.darts.trainer/MainThread) Epoch [5/50] Step [71/157]  acc1 0.671875 (0.756162)
[2021-03-23 20:24:44] INFO (nni.algorithms.nas.pytorch.darts.trainer/MainThread) Epoch [5/50] Step [81/157]  acc1 0.781250 (0.758488)
[2021-03-23 20:24:46] INFO (nni.algorithms.nas.pytorch.darts.trainer/MainThread) Epoch [5/50] Step [91/157]  acc1 0.750000 (0.758585)
[2021-03-23 20:24:49] INFO (nni.algorithms.nas.pytorch.darts.trainer/MainThread) Epoch [5/50] Step [101/157]  acc1 0.718750 (0.757580)
[2021-03-23 20:24:51] INFO (nni.algorithms.nas.pytorch.darts.trainer/MainThread) Epoch [5/50] Step [111/157]  acc1 0.781250 (0.756334)
[2021-03-23 20:24:53] INFO (nni.algorithms.nas.pytorch.darts.trainer/MainThread) Epoch [5/50] Step [121/157]  acc1 0.812500 (0.756715)
[2021-03-23 20:24:55] INFO (nni.algorithms.nas.pytorch.darts.trainer/MainThread) Epoch [5/50] Step [131/157]  acc1 0.718750 (0.753698)
[2021-03-23 20:24:58] INFO (nni.algorithms.nas.pytorch.darts.trainer/MainThread) Epoch [5/50] Step [141/157]  acc1 0.750000 (0.752216)
[2021-03-23 20:25:00] INFO (nni.algorithms.nas.pytorch.darts.trainer/MainThread) Epoch [5/50] Step [151/157]  acc1 0.781250 (0.754346)
[2021-03-23 20:25:01] INFO (nni.nas.pytorch.callbacks/MainThread) Saving architecture to ./checkpoints/epoch_4.json
[2021-03-23 20:25:01] INFO (nni.nas.pytorch.trainer/MainThread) Epoch 6 Training
[2021-03-23 20:25:03] INFO (nni.algorithms.nas.pytorch.darts.trainer/MainThread) Epoch [6/50] Step [1/391]  acc1 0.671875 (0.671875)  loss 0.972418 (0.972418)
[2021-03-23 20:25:22] INFO (nni.algorithms.nas.pytorch.darts.trainer/MainThread) Epoch [6/50] Step [11/391]  acc1 0.796875 (0.789773)  loss 0.680170 (0.669292)
[2021-03-23 20:25:40] INFO (nni.algorithms.nas.pytorch.darts.trainer/MainThread) Epoch [6/50] Step [21/391]  acc1 0.812500 (0.799851)  loss 0.691917 (0.645625)
[2021-03-23 20:25:59] INFO (nni.algorithms.nas.pytorch.darts.trainer/MainThread) Epoch [6/50] Step [31/391]  acc1 0.796875 (0.787802)  loss 0.466043 (0.642613)
[2021-03-23 20:26:17] INFO (nni.algorithms.nas.pytorch.darts.trainer/MainThread) Epoch [6/50] Step [41/391]  acc1 0.750000 (0.783155)  loss 0.669873 (0.641561)
[2021-03-23 20:26:35] INFO (nni.algorithms.nas.pytorch.darts.trainer/MainThread) Epoch [6/50] Step [51/391]  acc1 0.765625 (0.780025)  loss 0.690812 (0.648943)
[2021-03-23 20:26:54] INFO (nni.algorithms.nas.pytorch.darts.trainer/MainThread) Epoch [6/50] Step [61/391]  acc1 0.765625 (0.779713)  loss 0.672232 (0.644326)
[2021-03-23 20:27:12] INFO (nni.algorithms.nas.pytorch.darts.trainer/MainThread) Epoch [6/50] Step [71/391]  acc1 0.578125 (0.779049)  loss 0.952683 (0.644083)
[2021-03-23 20:27:30] INFO (nni.algorithms.nas.pytorch.darts.trainer/MainThread) Epoch [6/50] Step [81/391]  acc1 0.765625 (0.779900)  loss 0.600523 (0.641008)
[2021-03-23 20:27:49] INFO (nni.algorithms.nas.pytorch.darts.trainer/MainThread) Epoch [6/50] Step [91/391]  acc1 0.781250 (0.777816)  loss 0.798333 (0.650659)
[2021-03-23 20:28:07] INFO (nni.algorithms.nas.pytorch.darts.trainer/MainThread) Epoch [6/50] Step [101/391]  acc1 0.828125 (0.778929)  loss 0.497226 (0.643524)
[2021-03-23 20:28:25] INFO (nni.algorithms.nas.pytorch.darts.trainer/MainThread) Epoch [6/50] Step [111/391]  acc1 0.843750 (0.781391)  loss 0.472208 (0.636008)
[2021-03-23 20:28:44] INFO (nni.algorithms.nas.pytorch.darts.trainer/MainThread) Epoch [6/50] Step [121/391]  acc1 0.703125 (0.779959)  loss 0.831940 (0.641836)
[2021-03-23 20:29:02] INFO (nni.algorithms.nas.pytorch.darts.trainer/MainThread) Epoch [6/50] Step [131/391]  acc1 0.796875 (0.781608)  loss 0.494002 (0.634561)
[2021-03-23 20:29:20] INFO (nni.algorithms.nas.pytorch.darts.trainer/MainThread) Epoch [6/50] Step [141/391]  acc1 0.718750 (0.780918)  loss 0.718007 (0.635231)
[2021-03-23 20:29:39] INFO (nni.algorithms.nas.pytorch.darts.trainer/MainThread) Epoch [6/50] Step [151/391]  acc1 0.781250 (0.781767)  loss 0.598510 (0.632987)
[2021-03-23 20:29:57] INFO (nni.algorithms.nas.pytorch.darts.trainer/MainThread) Epoch [6/50] Step [161/391]  acc1 0.828125 (0.781056)  loss 0.494765 (0.632795)
[2021-03-23 20:30:16] INFO (nni.algorithms.nas.pytorch.darts.trainer/MainThread) Epoch [6/50] Step [171/391]  acc1 0.875000 (0.780793)  loss 0.397919 (0.636239)
[2021-03-23 20:30:34] INFO (nni.algorithms.nas.pytorch.darts.trainer/MainThread) Epoch [6/50] Step [181/391]  acc1 0.812500 (0.779869)  loss 0.542121 (0.637628)
[2021-03-23 20:30:52] INFO (nni.algorithms.nas.pytorch.darts.trainer/MainThread) Epoch [6/50] Step [191/391]  acc1 0.734375 (0.778223)  loss 0.778000 (0.640006)
[2021-03-23 20:31:11] INFO (nni.algorithms.nas.pytorch.darts.trainer/MainThread) Epoch [6/50] Step [201/391]  acc1 0.781250 (0.778840)  loss 0.565486 (0.639289)
[2021-03-23 20:31:29] INFO (nni.algorithms.nas.pytorch.darts.trainer/MainThread) Epoch [6/50] Step [211/391]  acc1 0.734375 (0.779399)  loss 0.531119 (0.637072)
[2021-03-23 20:31:47] INFO (nni.algorithms.nas.pytorch.darts.trainer/MainThread) Epoch [6/50] Step [221/391]  acc1 0.781250 (0.779200)  loss 0.688071 (0.637575)
[2021-03-23 20:32:06] INFO (nni.algorithms.nas.pytorch.darts.trainer/MainThread) Epoch [6/50] Step [231/391]  acc1 0.734375 (0.778409)  loss 0.829063 (0.639046)
[2021-03-23 20:32:24] INFO (nni.algorithms.nas.pytorch.darts.trainer/MainThread) Epoch [6/50] Step [241/391]  acc1 0.812500 (0.778916)  loss 0.532380 (0.637900)
[2021-03-23 20:32:42] INFO (nni.algorithms.nas.pytorch.darts.trainer/MainThread) Epoch [6/50] Step [251/391]  acc1 0.765625 (0.778013)  loss 0.609686 (0.640980)
[2021-03-23 20:33:01] INFO (nni.algorithms.nas.pytorch.darts.trainer/MainThread) Epoch [6/50] Step [261/391]  acc1 0.859375 (0.777957)  loss 0.486628 (0.641094)
[2021-03-23 20:33:19] INFO (nni.algorithms.nas.pytorch.darts.trainer/MainThread) Epoch [6/50] Step [271/391]  acc1 0.734375 (0.777041)  loss 0.714631 (0.642058)
[2021-03-23 20:33:38] INFO (nni.algorithms.nas.pytorch.darts.trainer/MainThread) Epoch [6/50] Step [281/391]  acc1 0.703125 (0.776635)  loss 0.784752 (0.642598)
[2021-03-23 20:33:56] INFO (nni.algorithms.nas.pytorch.darts.trainer/MainThread) Epoch [6/50] Step [291/391]  acc1 0.781250 (0.776418)  loss 0.631496 (0.642884)
[2021-03-23 20:34:14] INFO (nni.algorithms.nas.pytorch.darts.trainer/MainThread) Epoch [6/50] Step [301/391]  acc1 0.843750 (0.776267)  loss 0.537669 (0.642832)
[2021-03-23 20:34:33] INFO (nni.algorithms.nas.pytorch.darts.trainer/MainThread) Epoch [6/50] Step [311/391]  acc1 0.796875 (0.776326)  loss 0.632058 (0.642966)
[2021-03-23 20:34:51] INFO (nni.algorithms.nas.pytorch.darts.trainer/MainThread) Epoch [6/50] Step [321/391]  acc1 0.750000 (0.775993)  loss 0.564226 (0.643101)
[2021-03-23 20:35:10] INFO (nni.algorithms.nas.pytorch.darts.trainer/MainThread) Epoch [6/50] Step [331/391]  acc1 0.703125 (0.775349)  loss 0.859920 (0.645262)
[2021-03-23 20:35:28] INFO (nni.algorithms.nas.pytorch.darts.trainer/MainThread) Epoch [6/50] Step [341/391]  acc1 0.796875 (0.775614)  loss 0.680940 (0.644960)
[2021-03-23 20:35:46] INFO (nni.algorithms.nas.pytorch.darts.trainer/MainThread) Epoch [6/50] Step [351/391]  acc1 0.718750 (0.774617)  loss 0.781505 (0.646992)
[2021-03-23 20:36:05] INFO (nni.algorithms.nas.pytorch.darts.trainer/MainThread) Epoch [6/50] Step [361/391]  acc1 0.796875 (0.774325)  loss 0.516167 (0.646937)
[2021-03-23 20:36:23] INFO (nni.algorithms.nas.pytorch.darts.trainer/MainThread) Epoch [6/50] Step [371/391]  acc1 0.734375 (0.774006)  loss 0.656433 (0.648621)
[2021-03-23 20:36:42] INFO (nni.algorithms.nas.pytorch.darts.trainer/MainThread) Epoch [6/50] Step [381/391]  acc1 0.750000 (0.773786)  loss 0.734519 (0.648021)
[2021-03-23 20:37:00] INFO (nni.algorithms.nas.pytorch.darts.trainer/MainThread) Epoch [6/50] Step [391/391]  acc1 0.800000 (0.773825)  loss 0.527181 (0.647546)
[2021-03-23 20:37:00] INFO (nni.nas.pytorch.trainer/MainThread) Epoch 6 Validating
[2021-03-23 20:37:00] INFO (nni.algorithms.nas.pytorch.darts.trainer/MainThread) Epoch [6/50] Step [1/157]  acc1 0.734375 (0.734375)
[2021-03-23 20:37:02] INFO (nni.algorithms.nas.pytorch.darts.trainer/MainThread) Epoch [6/50] Step [11/157]  acc1 0.812500 (0.792614)
[2021-03-23 20:37:05] INFO (nni.algorithms.nas.pytorch.darts.trainer/MainThread) Epoch [6/50] Step [21/157]  acc1 0.781250 (0.776042)
[2021-03-23 20:37:07] INFO (nni.algorithms.nas.pytorch.darts.trainer/MainThread) Epoch [6/50] Step [31/157]  acc1 0.703125 (0.771673)
[2021-03-23 20:37:09] INFO (nni.algorithms.nas.pytorch.darts.trainer/MainThread) Epoch [6/50] Step [41/157]  acc1 0.750000 (0.768674)
[2021-03-23 20:37:11] INFO (nni.algorithms.nas.pytorch.darts.trainer/MainThread) Epoch [6/50] Step [51/157]  acc1 0.781250 (0.771752)
[2021-03-23 20:37:14] INFO (nni.algorithms.nas.pytorch.darts.trainer/MainThread) Epoch [6/50] Step [61/157]  acc1 0.812500 (0.769723)
[2021-03-23 20:37:16] INFO (nni.algorithms.nas.pytorch.darts.trainer/MainThread) Epoch [6/50] Step [71/157]  acc1 0.718750 (0.772007)
[2021-03-23 20:37:18] INFO (nni.algorithms.nas.pytorch.darts.trainer/MainThread) Epoch [6/50] Step [81/157]  acc1 0.796875 (0.773148)
[2021-03-23 20:37:20] INFO (nni.algorithms.nas.pytorch.darts.trainer/MainThread) Epoch [6/50] Step [91/157]  acc1 0.812500 (0.773352)
[2021-03-23 20:37:23] INFO (nni.algorithms.nas.pytorch.darts.trainer/MainThread) Epoch [6/50] Step [101/157]  acc1 0.671875 (0.770575)
[2021-03-23 20:37:25] INFO (nni.algorithms.nas.pytorch.darts.trainer/MainThread) Epoch [6/50] Step [111/157]  acc1 0.828125 (0.770270)
[2021-03-23 20:37:27] INFO (nni.algorithms.nas.pytorch.darts.trainer/MainThread) Epoch [6/50] Step [121/157]  acc1 0.812500 (0.770403)
[2021-03-23 20:37:29] INFO (nni.algorithms.nas.pytorch.darts.trainer/MainThread) Epoch [6/50] Step [131/157]  acc1 0.703125 (0.767533)
[2021-03-23 20:37:32] INFO (nni.algorithms.nas.pytorch.darts.trainer/MainThread) Epoch [6/50] Step [141/157]  acc1 0.812500 (0.764849)
[2021-03-23 20:37:34] INFO (nni.algorithms.nas.pytorch.darts.trainer/MainThread) Epoch [6/50] Step [151/157]  acc1 0.796875 (0.765315)
[2021-03-23 20:37:35] INFO (nni.nas.pytorch.callbacks/MainThread) Saving architecture to ./checkpoints/epoch_5.json
[2021-03-23 20:37:35] INFO (nni.nas.pytorch.trainer/MainThread) Epoch 7 Training
[2021-03-23 20:37:38] INFO (nni.algorithms.nas.pytorch.darts.trainer/MainThread) Epoch [7/50] Step [1/391]  acc1 0.781250 (0.781250)  loss 0.438794 (0.438794)
[2021-03-23 20:37:56] INFO (nni.algorithms.nas.pytorch.darts.trainer/MainThread) Epoch [7/50] Step [11/391]  acc1 0.828125 (0.821023)  loss 0.498766 (0.564328)
[2021-03-23 20:38:14] INFO (nni.algorithms.nas.pytorch.darts.trainer/MainThread) Epoch [7/50] Step [21/391]  acc1 0.843750 (0.802083)  loss 0.418857 (0.578098)
[2021-03-23 20:38:33] INFO (nni.algorithms.nas.pytorch.darts.trainer/MainThread) Epoch [7/50] Step [31/391]  acc1 0.750000 (0.795363)  loss 0.601565 (0.588118)
[2021-03-23 20:38:51] INFO (nni.algorithms.nas.pytorch.darts.trainer/MainThread) Epoch [7/50] Step [41/391]  acc1 0.765625 (0.790396)  loss 0.597268 (0.593098)
[2021-03-23 20:39:10] INFO (nni.algorithms.nas.pytorch.darts.trainer/MainThread) Epoch [7/50] Step [51/391]  acc1 0.796875 (0.792586)  loss 0.703695 (0.595239)
[2021-03-23 20:39:28] INFO (nni.algorithms.nas.pytorch.darts.trainer/MainThread) Epoch [7/50] Step [61/391]  acc1 0.859375 (0.789191)  loss 0.442304 (0.613283)
[2021-03-23 20:39:46] INFO (nni.algorithms.nas.pytorch.darts.trainer/MainThread) Epoch [7/50] Step [71/391]  acc1 0.765625 (0.791593)  loss 0.639699 (0.608759)
[2021-03-23 20:40:05] INFO (nni.algorithms.nas.pytorch.darts.trainer/MainThread) Epoch [7/50] Step [81/391]  acc1 0.796875 (0.792245)  loss 0.556250 (0.602690)
[2021-03-23 20:40:23] INFO (nni.algorithms.nas.pytorch.darts.trainer/MainThread) Epoch [7/50] Step [91/391]  acc1 0.796875 (0.791896)  loss 0.697017 (0.603756)
[2021-03-23 20:40:42] INFO (nni.algorithms.nas.pytorch.darts.trainer/MainThread) Epoch [7/50] Step [101/391]  acc1 0.718750 (0.790068)  loss 0.752460 (0.606353)
[2021-03-23 20:41:00] INFO (nni.algorithms.nas.pytorch.darts.trainer/MainThread) Epoch [7/50] Step [111/391]  acc1 0.687500 (0.791526)  loss 0.890821 (0.604119)
[2021-03-23 20:41:18] INFO (nni.algorithms.nas.pytorch.darts.trainer/MainThread) Epoch [7/50] Step [121/391]  acc1 0.859375 (0.793647)  loss 0.542016 (0.603374)
[2021-03-23 20:41:37] INFO (nni.algorithms.nas.pytorch.darts.trainer/MainThread) Epoch [7/50] Step [131/391]  acc1 0.765625 (0.794490)  loss 0.643235 (0.596609)
[2021-03-23 20:41:55] INFO (nni.algorithms.nas.pytorch.darts.trainer/MainThread) Epoch [7/50] Step [141/391]  acc1 0.796875 (0.796210)  loss 0.633651 (0.593203)
[2021-03-23 20:42:13] INFO (nni.algorithms.nas.pytorch.darts.trainer/MainThread) Epoch [7/50] Step [151/391]  acc1 0.781250 (0.795426)  loss 0.661679 (0.594862)
[2021-03-23 20:42:32] INFO (nni.algorithms.nas.pytorch.darts.trainer/MainThread) Epoch [7/50] Step [161/391]  acc1 0.812500 (0.795807)  loss 0.546327 (0.596175)
[2021-03-23 20:42:50] INFO (nni.algorithms.nas.pytorch.darts.trainer/MainThread) Epoch [7/50] Step [171/391]  acc1 0.781250 (0.795596)  loss 0.592856 (0.596748)
[2021-03-23 20:43:09] INFO (nni.algorithms.nas.pytorch.darts.trainer/MainThread) Epoch [7/50] Step [181/391]  acc1 0.781250 (0.797911)  loss 0.573615 (0.592092)
[2021-03-23 20:43:27] INFO (nni.algorithms.nas.pytorch.darts.trainer/MainThread) Epoch [7/50] Step [191/391]  acc1 0.750000 (0.798429)  loss 0.649861 (0.591313)
[2021-03-23 20:43:45] INFO (nni.algorithms.nas.pytorch.darts.trainer/MainThread) Epoch [7/50] Step [201/391]  acc1 0.718750 (0.796720)  loss 0.854952 (0.594629)
[2021-03-23 20:44:04] INFO (nni.algorithms.nas.pytorch.darts.trainer/MainThread) Epoch [7/50] Step [211/391]  acc1 0.812500 (0.796653)  loss 0.479090 (0.594492)
[2021-03-23 20:44:22] INFO (nni.algorithms.nas.pytorch.darts.trainer/MainThread) Epoch [7/50] Step [221/391]  acc1 0.890625 (0.798430)  loss 0.407283 (0.591429)
[2021-03-23 20:44:40] INFO (nni.algorithms.nas.pytorch.darts.trainer/MainThread) Epoch [7/50] Step [231/391]  acc1 0.843750 (0.798295)  loss 0.552907 (0.592975)
[2021-03-23 20:44:59] INFO (nni.algorithms.nas.pytorch.darts.trainer/MainThread) Epoch [7/50] Step [241/391]  acc1 0.703125 (0.798626)  loss 0.706455 (0.591077)
[2021-03-23 20:45:17] INFO (nni.algorithms.nas.pytorch.darts.trainer/MainThread) Epoch [7/50] Step [251/391]  acc1 0.812500 (0.799427)  loss 0.634706 (0.588971)
[2021-03-23 20:45:35] INFO (nni.algorithms.nas.pytorch.darts.trainer/MainThread) Epoch [7/50] Step [261/391]  acc1 0.796875 (0.798910)  loss 0.688335 (0.591492)
[2021-03-23 20:45:54] INFO (nni.algorithms.nas.pytorch.darts.trainer/MainThread) Epoch [7/50] Step [271/391]  acc1 0.781250 (0.798374)  loss 0.584883 (0.592646)
[2021-03-23 20:46:12] INFO (nni.algorithms.nas.pytorch.darts.trainer/MainThread) Epoch [7/50] Step [281/391]  acc1 0.765625 (0.797987)  loss 0.494398 (0.593593)
[2021-03-23 20:46:31] INFO (nni.algorithms.nas.pytorch.darts.trainer/MainThread) Epoch [7/50] Step [291/391]  acc1 0.781250 (0.798432)  loss 0.610213 (0.593666)
[2021-03-23 20:46:49] INFO (nni.algorithms.nas.pytorch.darts.trainer/MainThread) Epoch [7/50] Step [301/391]  acc1 0.828125 (0.798328)  loss 0.373303 (0.594015)
[2021-03-23 20:47:07] INFO (nni.algorithms.nas.pytorch.darts.trainer/MainThread) Epoch [7/50] Step [311/391]  acc1 0.765625 (0.798533)  loss 0.632863 (0.594224)
[2021-03-23 20:47:26] INFO (nni.algorithms.nas.pytorch.darts.trainer/MainThread) Epoch [7/50] Step [321/391]  acc1 0.718750 (0.798871)  loss 0.771096 (0.592855)
[2021-03-23 20:47:44] INFO (nni.algorithms.nas.pytorch.darts.trainer/MainThread) Epoch [7/50] Step [331/391]  acc1 0.781250 (0.798338)  loss 0.735303 (0.594407)
[2021-03-23 20:48:02] INFO (nni.algorithms.nas.pytorch.darts.trainer/MainThread) Epoch [7/50] Step [341/391]  acc1 0.843750 (0.798295)  loss 0.566098 (0.593854)
[2021-03-23 20:48:20] INFO (nni.algorithms.nas.pytorch.darts.trainer/MainThread) Epoch [7/50] Step [351/391]  acc1 0.796875 (0.798745)  loss 0.551129 (0.592549)
[2021-03-23 20:48:39] INFO (nni.algorithms.nas.pytorch.darts.trainer/MainThread) Epoch [7/50] Step [361/391]  acc1 0.734375 (0.798217)  loss 0.712434 (0.593560)
[2021-03-23 20:48:57] INFO (nni.algorithms.nas.pytorch.darts.trainer/MainThread) Epoch [7/50] Step [371/391]  acc1 0.765625 (0.798012)  loss 0.587241 (0.593076)
[2021-03-23 20:49:15] INFO (nni.algorithms.nas.pytorch.darts.trainer/MainThread) Epoch [7/50] Step [381/391]  acc1 0.718750 (0.798228)  loss 0.734941 (0.592964)
[2021-03-23 20:49:33] INFO (nni.algorithms.nas.pytorch.darts.trainer/MainThread) Epoch [7/50] Step [391/391]  acc1 0.750000 (0.797994)  loss 0.619609 (0.592753)
[2021-03-23 20:49:33] INFO (nni.nas.pytorch.trainer/MainThread) Epoch 7 Validating
[2021-03-23 20:49:34] INFO (nni.algorithms.nas.pytorch.darts.trainer/MainThread) Epoch [7/50] Step [1/157]  acc1 0.765625 (0.765625)
[2021-03-23 20:49:36] INFO (nni.algorithms.nas.pytorch.darts.trainer/MainThread) Epoch [7/50] Step [11/157]  acc1 0.703125 (0.779830)
[2021-03-23 20:49:38] INFO (nni.algorithms.nas.pytorch.darts.trainer/MainThread) Epoch [7/50] Step [21/157]  acc1 0.750000 (0.767857)
[2021-03-23 20:49:41] INFO (nni.algorithms.nas.pytorch.darts.trainer/MainThread) Epoch [7/50] Step [31/157]  acc1 0.687500 (0.770161)
[2021-03-23 20:49:43] INFO (nni.algorithms.nas.pytorch.darts.trainer/MainThread) Epoch [7/50] Step [41/157]  acc1 0.750000 (0.766387)
[2021-03-23 20:49:45] INFO (nni.algorithms.nas.pytorch.darts.trainer/MainThread) Epoch [7/50] Step [51/157]  acc1 0.828125 (0.772672)
[2021-03-23 20:49:48] INFO (nni.algorithms.nas.pytorch.darts.trainer/MainThread) Epoch [7/50] Step [61/157]  acc1 0.765625 (0.770492)
[2021-03-23 20:49:50] INFO (nni.algorithms.nas.pytorch.darts.trainer/MainThread) Epoch [7/50] Step [71/157]  acc1 0.750000 (0.774208)
[2021-03-23 20:49:52] INFO (nni.algorithms.nas.pytorch.darts.trainer/MainThread) Epoch [7/50] Step [81/157]  acc1 0.828125 (0.774884)
[2021-03-23 20:49:54] INFO (nni.algorithms.nas.pytorch.darts.trainer/MainThread) Epoch [7/50] Step [91/157]  acc1 0.781250 (0.774725)
[2021-03-23 20:49:57] INFO (nni.algorithms.nas.pytorch.darts.trainer/MainThread) Epoch [7/50] Step [101/157]  acc1 0.750000 (0.773515)
[2021-03-23 20:49:59] INFO (nni.algorithms.nas.pytorch.darts.trainer/MainThread) Epoch [7/50] Step [111/157]  acc1 0.796875 (0.772663)
[2021-03-23 20:50:01] INFO (nni.algorithms.nas.pytorch.darts.trainer/MainThread) Epoch [7/50] Step [121/157]  acc1 0.796875 (0.772598)
[2021-03-23 20:50:03] INFO (nni.algorithms.nas.pytorch.darts.trainer/MainThread) Epoch [7/50] Step [131/157]  acc1 0.734375 (0.770873)
[2021-03-23 20:50:06] INFO (nni.algorithms.nas.pytorch.darts.trainer/MainThread) Epoch [7/50] Step [141/157]  acc1 0.796875 (0.768174)
[2021-03-23 20:50:08] INFO (nni.algorithms.nas.pytorch.darts.trainer/MainThread) Epoch [7/50] Step [151/157]  acc1 0.796875 (0.768833)
[2021-03-23 20:50:09] INFO (nni.nas.pytorch.callbacks/MainThread) Saving architecture to ./checkpoints/epoch_6.json
[2021-03-23 20:50:09] INFO (nni.nas.pytorch.trainer/MainThread) Epoch 8 Training
[2021-03-23 20:50:11] INFO (nni.algorithms.nas.pytorch.darts.trainer/MainThread) Epoch [8/50] Step [1/391]  acc1 0.843750 (0.843750)  loss 0.460803 (0.460803)
[2021-03-23 20:50:30] INFO (nni.algorithms.nas.pytorch.darts.trainer/MainThread) Epoch [8/50] Step [11/391]  acc1 0.781250 (0.801136)  loss 0.552971 (0.572384)
[2021-03-23 20:50:48] INFO (nni.algorithms.nas.pytorch.darts.trainer/MainThread) Epoch [8/50] Step [21/391]  acc1 0.781250 (0.803571)  loss 0.616486 (0.565028)
[2021-03-23 20:51:07] INFO (nni.algorithms.nas.pytorch.darts.trainer/MainThread) Epoch [8/50] Step [31/391]  acc1 0.796875 (0.796371)  loss 0.532871 (0.568262)
[2021-03-23 20:51:25] INFO (nni.algorithms.nas.pytorch.darts.trainer/MainThread) Epoch [8/50] Step [41/391]  acc1 0.781250 (0.796875)  loss 0.683048 (0.572943)
[2021-03-23 20:51:43] INFO (nni.algorithms.nas.pytorch.darts.trainer/MainThread) Epoch [8/50] Step [51/391]  acc1 0.890625 (0.801164)  loss 0.325300 (0.565223)
[2021-03-23 20:52:02] INFO (nni.algorithms.nas.pytorch.darts.trainer/MainThread) Epoch [8/50] Step [61/391]  acc1 0.734375 (0.803791)  loss 0.553415 (0.557372)
[2021-03-23 20:52:20] INFO (nni.algorithms.nas.pytorch.darts.trainer/MainThread) Epoch [8/50] Step [71/391]  acc1 0.796875 (0.806558)  loss 0.580656 (0.550834)
[2021-03-23 20:52:38] INFO (nni.algorithms.nas.pytorch.darts.trainer/MainThread) Epoch [8/50] Step [81/391]  acc1 0.828125 (0.807485)  loss 0.429543 (0.549798)
[2021-03-23 20:52:56] INFO (nni.algorithms.nas.pytorch.darts.trainer/MainThread) Epoch [8/50] Step [91/391]  acc1 0.890625 (0.808036)  loss 0.424698 (0.551243)
[2021-03-23 20:53:15] INFO (nni.algorithms.nas.pytorch.darts.trainer/MainThread) Epoch [8/50] Step [101/391]  acc1 0.843750 (0.809561)  loss 0.470778 (0.549731)
[2021-03-23 20:53:33] INFO (nni.algorithms.nas.pytorch.darts.trainer/MainThread) Epoch [8/50] Step [111/391]  acc1 0.812500 (0.808981)  loss 0.610999 (0.550557)
[2021-03-23 20:53:51] INFO (nni.algorithms.nas.pytorch.darts.trainer/MainThread) Epoch [8/50] Step [121/391]  acc1 0.796875 (0.808497)  loss 0.536479 (0.554094)
[2021-03-23 20:54:09] INFO (nni.algorithms.nas.pytorch.darts.trainer/MainThread) Epoch [8/50] Step [131/391]  acc1 0.843750 (0.808564)  loss 0.404556 (0.552235)
[2021-03-23 20:54:28] INFO (nni.algorithms.nas.pytorch.darts.trainer/MainThread) Epoch [8/50] Step [141/391]  acc1 0.875000 (0.806738)  loss 0.386724 (0.557829)
[2021-03-23 20:54:46] INFO (nni.algorithms.nas.pytorch.darts.trainer/MainThread) Epoch [8/50] Step [151/391]  acc1 0.781250 (0.806084)  loss 0.631860 (0.558444)
[2021-03-23 20:55:04] INFO (nni.algorithms.nas.pytorch.darts.trainer/MainThread) Epoch [8/50] Step [161/391]  acc1 0.750000 (0.805901)  loss 0.586461 (0.558833)
[2021-03-23 20:55:22] INFO (nni.algorithms.nas.pytorch.darts.trainer/MainThread) Epoch [8/50] Step [171/391]  acc1 0.812500 (0.806561)  loss 0.510276 (0.557465)
[2021-03-23 20:55:41] INFO (nni.algorithms.nas.pytorch.darts.trainer/MainThread) Epoch [8/50] Step [181/391]  acc1 0.890625 (0.806975)  loss 0.344671 (0.558156)
[2021-03-23 20:55:59] INFO (nni.algorithms.nas.pytorch.darts.trainer/MainThread) Epoch [8/50] Step [191/391]  acc1 0.796875 (0.806937)  loss 0.487481 (0.557923)
[2021-03-23 20:56:17] INFO (nni.algorithms.nas.pytorch.darts.trainer/MainThread) Epoch [8/50] Step [201/391]  acc1 0.828125 (0.807603)  loss 0.432184 (0.556266)
[2021-03-23 20:56:36] INFO (nni.algorithms.nas.pytorch.darts.trainer/MainThread) Epoch [8/50] Step [211/391]  acc1 0.703125 (0.807835)  loss 0.916618 (0.557152)
[2021-03-23 20:56:54] INFO (nni.algorithms.nas.pytorch.darts.trainer/MainThread) Epoch [8/50] Step [221/391]  acc1 0.843750 (0.808824)  loss 0.559037 (0.555803)
[2021-03-23 20:57:12] INFO (nni.algorithms.nas.pytorch.darts.trainer/MainThread) Epoch [8/50] Step [231/391]  acc1 0.703125 (0.808983)  loss 0.813980 (0.554097)
[2021-03-23 20:57:30] INFO (nni.algorithms.nas.pytorch.darts.trainer/MainThread) Epoch [8/50] Step [241/391]  acc1 0.812500 (0.809647)  loss 0.503644 (0.552256)
[2021-03-23 20:57:49] INFO (nni.algorithms.nas.pytorch.darts.trainer/MainThread) Epoch [8/50] Step [251/391]  acc1 0.812500 (0.810197)  loss 0.486710 (0.551608)
[2021-03-23 20:58:07] INFO (nni.algorithms.nas.pytorch.darts.trainer/MainThread) Epoch [8/50] Step [261/391]  acc1 0.796875 (0.810045)  loss 0.468420 (0.551246)
[2021-03-23 20:58:25] INFO (nni.algorithms.nas.pytorch.darts.trainer/MainThread) Epoch [8/50] Step [271/391]  acc1 0.796875 (0.809790)  loss 0.523985 (0.550844)
[2021-03-23 20:58:43] INFO (nni.algorithms.nas.pytorch.darts.trainer/MainThread) Epoch [8/50] Step [281/391]  acc1 0.750000 (0.809386)  loss 0.816078 (0.552694)
[2021-03-23 20:59:02] INFO (nni.algorithms.nas.pytorch.darts.trainer/MainThread) Epoch [8/50] Step [291/391]  acc1 0.734375 (0.809064)  loss 0.550378 (0.552165)
[2021-03-23 20:59:20] INFO (nni.algorithms.nas.pytorch.darts.trainer/MainThread) Epoch [8/50] Step [301/391]  acc1 0.781250 (0.809853)  loss 0.456870 (0.548779)
[2021-03-23 20:59:38] INFO (nni.algorithms.nas.pytorch.darts.trainer/MainThread) Epoch [8/50] Step [311/391]  acc1 0.812500 (0.810591)  loss 0.562919 (0.546788)
[2021-03-23 20:59:57] INFO (nni.algorithms.nas.pytorch.darts.trainer/MainThread) Epoch [8/50] Step [321/391]  acc1 0.796875 (0.810115)  loss 0.580981 (0.546696)
[2021-03-23 21:00:15] INFO (nni.algorithms.nas.pytorch.darts.trainer/MainThread) Epoch [8/50] Step [331/391]  acc1 0.718750 (0.810187)  loss 0.840131 (0.547983)
[2021-03-23 21:00:34] INFO (nni.algorithms.nas.pytorch.darts.trainer/MainThread) Epoch [8/50] Step [341/391]  acc1 0.765625 (0.810163)  loss 0.577499 (0.547569)
[2021-03-23 21:00:52] INFO (nni.algorithms.nas.pytorch.darts.trainer/MainThread) Epoch [8/50] Step [351/391]  acc1 0.843750 (0.809651)  loss 0.442118 (0.549528)
[2021-03-23 21:01:10] INFO (nni.algorithms.nas.pytorch.darts.trainer/MainThread) Epoch [8/50] Step [361/391]  acc1 0.718750 (0.809124)  loss 0.867153 (0.551640)
[2021-03-23 21:01:29] INFO (nni.algorithms.nas.pytorch.darts.trainer/MainThread) Epoch [8/50] Step [371/391]  acc1 0.828125 (0.808962)  loss 0.430746 (0.551361)
[2021-03-23 21:01:47] INFO (nni.algorithms.nas.pytorch.darts.trainer/MainThread) Epoch [8/50] Step [381/391]  acc1 0.828125 (0.809096)  loss 0.619893 (0.551655)
[2021-03-23 21:02:05] INFO (nni.algorithms.nas.pytorch.darts.trainer/MainThread) Epoch [8/50] Step [391/391]  acc1 0.825000 (0.808616)  loss 0.447162 (0.551838)
[2021-03-23 21:02:05] INFO (nni.nas.pytorch.trainer/MainThread) Epoch 8 Validating
[2021-03-23 21:02:06] INFO (nni.algorithms.nas.pytorch.darts.trainer/MainThread) Epoch [8/50] Step [1/157]  acc1 0.796875 (0.796875)
[2021-03-23 21:02:08] INFO (nni.algorithms.nas.pytorch.darts.trainer/MainThread) Epoch [8/50] Step [11/157]  acc1 0.734375 (0.782670)
[2021-03-23 21:02:10] INFO (nni.algorithms.nas.pytorch.darts.trainer/MainThread) Epoch [8/50] Step [21/157]  acc1 0.812500 (0.775298)
[2021-03-23 21:02:13] INFO (nni.algorithms.nas.pytorch.darts.trainer/MainThread) Epoch [8/50] Step [31/157]  acc1 0.703125 (0.779738)
[2021-03-23 21:02:15] INFO (nni.algorithms.nas.pytorch.darts.trainer/MainThread) Epoch [8/50] Step [41/157]  acc1 0.734375 (0.772866)
[2021-03-23 21:02:17] INFO (nni.algorithms.nas.pytorch.darts.trainer/MainThread) Epoch [8/50] Step [51/157]  acc1 0.828125 (0.775429)
[2021-03-23 21:02:20] INFO (nni.algorithms.nas.pytorch.darts.trainer/MainThread) Epoch [8/50] Step [61/157]  acc1 0.828125 (0.774078)
[2021-03-23 21:02:22] INFO (nni.algorithms.nas.pytorch.darts.trainer/MainThread) Epoch [8/50] Step [71/157]  acc1 0.828125 (0.777289)
[2021-03-23 21:02:24] INFO (nni.algorithms.nas.pytorch.darts.trainer/MainThread) Epoch [8/50] Step [81/157]  acc1 0.781250 (0.778164)
[2021-03-23 21:02:26] INFO (nni.algorithms.nas.pytorch.darts.trainer/MainThread) Epoch [8/50] Step [91/157]  acc1 0.812500 (0.778674)
[2021-03-23 21:02:29] INFO (nni.algorithms.nas.pytorch.darts.trainer/MainThread) Epoch [8/50] Step [101/157]  acc1 0.796875 (0.779703)
[2021-03-23 21:02:31] INFO (nni.algorithms.nas.pytorch.darts.trainer/MainThread) Epoch [8/50] Step [111/157]  acc1 0.843750 (0.780968)
[2021-03-23 21:02:33] INFO (nni.algorithms.nas.pytorch.darts.trainer/MainThread) Epoch [8/50] Step [121/157]  acc1 0.812500 (0.781379)
[2021-03-23 21:02:36] INFO (nni.algorithms.nas.pytorch.darts.trainer/MainThread) Epoch [8/50] Step [131/157]  acc1 0.781250 (0.781250)
[2021-03-23 21:02:38] INFO (nni.algorithms.nas.pytorch.darts.trainer/MainThread) Epoch [8/50] Step [141/157]  acc1 0.828125 (0.781361)
[2021-03-23 21:02:40] INFO (nni.algorithms.nas.pytorch.darts.trainer/MainThread) Epoch [8/50] Step [151/157]  acc1 0.796875 (0.782388)
[2021-03-23 21:02:42] INFO (nni.nas.pytorch.callbacks/MainThread) Saving architecture to ./checkpoints/epoch_7.json
[2021-03-23 21:02:42] INFO (nni.nas.pytorch.trainer/MainThread) Epoch 9 Training
[2021-03-23 21:02:44] INFO (nni.algorithms.nas.pytorch.darts.trainer/MainThread) Epoch [9/50] Step [1/391]  acc1 0.906250 (0.906250)  loss 0.363459 (0.363459)
[2021-03-23 21:03:02] INFO (nni.algorithms.nas.pytorch.darts.trainer/MainThread) Epoch [9/50] Step [11/391]  acc1 0.890625 (0.836648)  loss 0.395014 (0.497189)
[2021-03-23 21:03:21] INFO (nni.algorithms.nas.pytorch.darts.trainer/MainThread) Epoch [9/50] Step [21/391]  acc1 0.812500 (0.834077)  loss 0.536477 (0.481238)
[2021-03-23 21:03:39] INFO (nni.algorithms.nas.pytorch.darts.trainer/MainThread) Epoch [9/50] Step [31/391]  acc1 0.875000 (0.829637)  loss 0.430330 (0.479811)
[2021-03-23 21:03:57] INFO (nni.algorithms.nas.pytorch.darts.trainer/MainThread) Epoch [9/50] Step [41/391]  acc1 0.781250 (0.825076)  loss 0.645497 (0.496053)
[2021-03-23 21:04:16] INFO (nni.algorithms.nas.pytorch.darts.trainer/MainThread) Epoch [9/50] Step [51/391]  acc1 0.906250 (0.822917)  loss 0.475120 (0.511616)
[2021-03-23 21:04:34] INFO (nni.algorithms.nas.pytorch.darts.trainer/MainThread) Epoch [9/50] Step [61/391]  acc1 0.828125 (0.823514)  loss 0.426466 (0.504144)
[2021-03-23 21:04:53] INFO (nni.algorithms.nas.pytorch.darts.trainer/MainThread) Epoch [9/50] Step [71/391]  acc1 0.859375 (0.825704)  loss 0.426848 (0.496019)
[2021-03-23 21:05:11] INFO (nni.algorithms.nas.pytorch.darts.trainer/MainThread) Epoch [9/50] Step [81/391]  acc1 0.859375 (0.827932)  loss 0.513168 (0.491835)
[2021-03-23 21:05:29] INFO (nni.algorithms.nas.pytorch.darts.trainer/MainThread) Epoch [9/50] Step [91/391]  acc1 0.843750 (0.826236)  loss 0.380799 (0.495634)
[2021-03-23 21:05:48] INFO (nni.algorithms.nas.pytorch.darts.trainer/MainThread) Epoch [9/50] Step [101/391]  acc1 0.812500 (0.828589)  loss 0.599747 (0.495236)
[2021-03-23 21:06:06] INFO (nni.algorithms.nas.pytorch.darts.trainer/MainThread) Epoch [9/50] Step [111/391]  acc1 0.734375 (0.827843)  loss 0.642370 (0.495625)
[2021-03-23 21:06:25] INFO (nni.algorithms.nas.pytorch.darts.trainer/MainThread) Epoch [9/50] Step [121/391]  acc1 0.890625 (0.826188)  loss 0.387105 (0.501524)
[2021-03-23 21:06:43] INFO (nni.algorithms.nas.pytorch.darts.trainer/MainThread) Epoch [9/50] Step [131/391]  acc1 0.843750 (0.825740)  loss 0.627727 (0.503345)
[2021-03-23 21:07:01] INFO (nni.algorithms.nas.pytorch.darts.trainer/MainThread) Epoch [9/50] Step [141/391]  acc1 0.765625 (0.823692)  loss 0.619527 (0.508605)
[2021-03-23 21:07:20] INFO (nni.algorithms.nas.pytorch.darts.trainer/MainThread) Epoch [9/50] Step [151/391]  acc1 0.890625 (0.823572)  loss 0.415595 (0.507792)
[2021-03-23 21:07:38] INFO (nni.algorithms.nas.pytorch.darts.trainer/MainThread) Epoch [9/50] Step [161/391]  acc1 0.796875 (0.822884)  loss 0.621605 (0.510560)
[2021-03-23 21:07:57] INFO (nni.algorithms.nas.pytorch.darts.trainer/MainThread) Epoch [9/50] Step [171/391]  acc1 0.828125 (0.822368)  loss 0.514810 (0.512199)
[2021-03-23 21:08:15] INFO (nni.algorithms.nas.pytorch.darts.trainer/MainThread) Epoch [9/50] Step [181/391]  acc1 0.750000 (0.821219)  loss 0.733329 (0.515256)
[2021-03-23 21:08:34] INFO (nni.algorithms.nas.pytorch.darts.trainer/MainThread) Epoch [9/50] Step [191/391]  acc1 0.765625 (0.820272)  loss 0.611678 (0.516403)
[2021-03-23 21:08:52] INFO (nni.algorithms.nas.pytorch.darts.trainer/MainThread) Epoch [9/50] Step [201/391]  acc1 0.765625 (0.820351)  loss 0.729347 (0.517906)
[2021-03-23 21:09:10] INFO (nni.algorithms.nas.pytorch.darts.trainer/MainThread) Epoch [9/50] Step [211/391]  acc1 0.750000 (0.819535)  loss 0.587442 (0.518107)
[2021-03-23 21:09:29] INFO (nni.algorithms.nas.pytorch.darts.trainer/MainThread) Epoch [9/50] Step [221/391]  acc1 0.828125 (0.819358)  loss 0.565781 (0.518227)
[2021-03-23 21:09:47] INFO (nni.algorithms.nas.pytorch.darts.trainer/MainThread) Epoch [9/50] Step [231/391]  acc1 0.859375 (0.819535)  loss 0.458545 (0.516562)
[2021-03-23 21:10:05] INFO (nni.algorithms.nas.pytorch.darts.trainer/MainThread) Epoch [9/50] Step [241/391]  acc1 0.781250 (0.820021)  loss 0.622063 (0.515086)
[2021-03-23 21:10:23] INFO (nni.algorithms.nas.pytorch.darts.trainer/MainThread) Epoch [9/50] Step [251/391]  acc1 0.796875 (0.820157)  loss 0.461538 (0.516657)
[2021-03-23 21:10:42] INFO (nni.algorithms.nas.pytorch.darts.trainer/MainThread) Epoch [9/50] Step [261/391]  acc1 0.843750 (0.820821)  loss 0.515924 (0.514760)
[2021-03-23 21:11:00] INFO (nni.algorithms.nas.pytorch.darts.trainer/MainThread) Epoch [9/50] Step [271/391]  acc1 0.875000 (0.820976)  loss 0.472882 (0.515780)
[2021-03-23 21:11:18] INFO (nni.algorithms.nas.pytorch.darts.trainer/MainThread) Epoch [9/50] Step [281/391]  acc1 0.765625 (0.820896)  loss 0.687186 (0.516493)
[2021-03-23 21:11:36] INFO (nni.algorithms.nas.pytorch.darts.trainer/MainThread) Epoch [9/50] Step [291/391]  acc1 0.781250 (0.821682)  loss 0.600115 (0.514501)
[2021-03-23 21:11:55] INFO (nni.algorithms.nas.pytorch.darts.trainer/MainThread) Epoch [9/50] Step [301/391]  acc1 0.734375 (0.821325)  loss 0.589827 (0.514355)
[2021-03-23 21:12:13] INFO (nni.algorithms.nas.pytorch.darts.trainer/MainThread) Epoch [9/50] Step [311/391]  acc1 0.843750 (0.821292)  loss 0.500577 (0.515277)
[2021-03-23 21:12:31] INFO (nni.algorithms.nas.pytorch.darts.trainer/MainThread) Epoch [9/50] Step [321/391]  acc1 0.843750 (0.821164)  loss 0.586230 (0.516253)
[2021-03-23 21:12:49] INFO (nni.algorithms.nas.pytorch.darts.trainer/MainThread) Epoch [9/50] Step [331/391]  acc1 0.796875 (0.821658)  loss 0.584831 (0.515277)
[2021-03-23 21:13:08] INFO (nni.algorithms.nas.pytorch.darts.trainer/MainThread) Epoch [9/50] Step [341/391]  acc1 0.781250 (0.821573)  loss 0.694910 (0.515892)
[2021-03-23 21:13:26] INFO (nni.algorithms.nas.pytorch.darts.trainer/MainThread) Epoch [9/50] Step [351/391]  acc1 0.906250 (0.821314)  loss 0.295369 (0.516187)
[2021-03-23 21:13:44] INFO (nni.algorithms.nas.pytorch.darts.trainer/MainThread) Epoch [9/50] Step [361/391]  acc1 0.765625 (0.821503)  loss 0.673149 (0.515100)
[2021-03-23 21:14:02] INFO (nni.algorithms.nas.pytorch.darts.trainer/MainThread) Epoch [9/50] Step [371/391]  acc1 0.890625 (0.821555)  loss 0.325702 (0.513972)
[2021-03-23 21:14:21] INFO (nni.algorithms.nas.pytorch.darts.trainer/MainThread) Epoch [9/50] Step [381/391]  acc1 0.796875 (0.821768)  loss 0.527353 (0.512571)
[2021-03-23 21:14:39] INFO (nni.algorithms.nas.pytorch.darts.trainer/MainThread) Epoch [9/50] Step [391/391]  acc1 0.800000 (0.822458)  loss 0.621863 (0.511583)
[2021-03-23 21:14:39] INFO (nni.nas.pytorch.trainer/MainThread) Epoch 9 Validating
[2021-03-23 21:14:39] INFO (nni.algorithms.nas.pytorch.darts.trainer/MainThread) Epoch [9/50] Step [1/157]  acc1 0.796875 (0.796875)
[2021-03-23 21:14:41] INFO (nni.algorithms.nas.pytorch.darts.trainer/MainThread) Epoch [9/50] Step [11/157]  acc1 0.750000 (0.788352)
[2021-03-23 21:14:44] INFO (nni.algorithms.nas.pytorch.darts.trainer/MainThread) Epoch [9/50] Step [21/157]  acc1 0.765625 (0.787946)
[2021-03-23 21:14:46] INFO (nni.algorithms.nas.pytorch.darts.trainer/MainThread) Epoch [9/50] Step [31/157]  acc1 0.718750 (0.795363)
[2021-03-23 21:14:48] INFO (nni.algorithms.nas.pytorch.darts.trainer/MainThread) Epoch [9/50] Step [41/157]  acc1 0.765625 (0.789253)
[2021-03-23 21:14:50] INFO (nni.algorithms.nas.pytorch.darts.trainer/MainThread) Epoch [9/50] Step [51/157]  acc1 0.828125 (0.793505)
[2021-03-23 21:14:53] INFO (nni.algorithms.nas.pytorch.darts.trainer/MainThread) Epoch [9/50] Step [61/157]  acc1 0.859375 (0.789703)
[2021-03-23 21:14:55] INFO (nni.algorithms.nas.pytorch.darts.trainer/MainThread) Epoch [9/50] Step [71/157]  acc1 0.765625 (0.792694)
[2021-03-23 21:14:57] INFO (nni.algorithms.nas.pytorch.darts.trainer/MainThread) Epoch [9/50] Step [81/157]  acc1 0.828125 (0.791474)
[2021-03-23 21:14:59] INFO (nni.algorithms.nas.pytorch.darts.trainer/MainThread) Epoch [9/50] Step [91/157]  acc1 0.765625 (0.790179)
[2021-03-23 21:15:02] INFO (nni.algorithms.nas.pytorch.darts.trainer/MainThread) Epoch [9/50] Step [101/157]  acc1 0.828125 (0.788830)
[2021-03-23 21:15:04] INFO (nni.algorithms.nas.pytorch.darts.trainer/MainThread) Epoch [9/50] Step [111/157]  acc1 0.859375 (0.788851)
[2021-03-23 21:15:06] INFO (nni.algorithms.nas.pytorch.darts.trainer/MainThread) Epoch [9/50] Step [121/157]  acc1 0.843750 (0.790031)
[2021-03-23 21:15:09] INFO (nni.algorithms.nas.pytorch.darts.trainer/MainThread) Epoch [9/50] Step [131/157]  acc1 0.734375 (0.788049)
[2021-03-23 21:15:11] INFO (nni.algorithms.nas.pytorch.darts.trainer/MainThread) Epoch [9/50] Step [141/157]  acc1 0.843750 (0.788010)
[2021-03-23 21:15:13] INFO (nni.algorithms.nas.pytorch.darts.trainer/MainThread) Epoch [9/50] Step [151/157]  acc1 0.796875 (0.788907)
[2021-03-23 21:15:14] INFO (nni.nas.pytorch.callbacks/MainThread) Saving architecture to ./checkpoints/epoch_8.json
[2021-03-23 21:15:14] INFO (nni.nas.pytorch.trainer/MainThread) Epoch 10 Training
[2021-03-23 21:15:17] INFO (nni.algorithms.nas.pytorch.darts.trainer/MainThread) Epoch [10/50] Step [1/391]  acc1 0.812500 (0.812500)  loss 0.527460 (0.527460)
[2021-03-23 21:15:35] INFO (nni.algorithms.nas.pytorch.darts.trainer/MainThread) Epoch [10/50] Step [11/391]  acc1 0.812500 (0.842330)  loss 0.443691 (0.433377)
[2021-03-23 21:15:53] INFO (nni.algorithms.nas.pytorch.darts.trainer/MainThread) Epoch [10/50] Step [21/391]  acc1 0.828125 (0.837798)  loss 0.405544 (0.447675)
[2021-03-23 21:16:11] INFO (nni.algorithms.nas.pytorch.darts.trainer/MainThread) Epoch [10/50] Step [31/391]  acc1 0.796875 (0.837702)  loss 0.519654 (0.459836)
[2021-03-23 21:16:30] INFO (nni.algorithms.nas.pytorch.darts.trainer/MainThread) Epoch [10/50] Step [41/391]  acc1 0.859375 (0.839939)  loss 0.517100 (0.453509)
[2021-03-23 21:16:48] INFO (nni.algorithms.nas.pytorch.darts.trainer/MainThread) Epoch [10/50] Step [51/391]  acc1 0.781250 (0.837929)  loss 0.550822 (0.451082)
[2021-03-23 21:17:06] INFO (nni.algorithms.nas.pytorch.darts.trainer/MainThread) Epoch [10/50] Step [61/391]  acc1 0.921875 (0.842469)  loss 0.402422 (0.442916)
[2021-03-23 21:17:25] INFO (nni.algorithms.nas.pytorch.darts.trainer/MainThread) Epoch [10/50] Step [71/391]  acc1 0.750000 (0.839349)  loss 0.608072 (0.453080)
[2021-03-23 21:17:43] INFO (nni.algorithms.nas.pytorch.darts.trainer/MainThread) Epoch [10/50] Step [81/391]  acc1 0.890625 (0.838542)  loss 0.434096 (0.455639)
[2021-03-23 21:18:01] INFO (nni.algorithms.nas.pytorch.darts.trainer/MainThread) Epoch [10/50] Step [91/391]  acc1 0.906250 (0.838942)  loss 0.272350 (0.455697)
[2021-03-23 21:18:20] INFO (nni.algorithms.nas.pytorch.darts.trainer/MainThread) Epoch [10/50] Step [101/391]  acc1 0.734375 (0.838181)  loss 0.759723 (0.455796)
[2021-03-23 21:18:38] INFO (nni.algorithms.nas.pytorch.darts.trainer/MainThread) Epoch [10/50] Step [111/391]  acc1 0.781250 (0.838260)  loss 0.596190 (0.456008)
[2021-03-23 21:18:56] INFO (nni.algorithms.nas.pytorch.darts.trainer/MainThread) Epoch [10/50] Step [121/391]  acc1 0.875000 (0.838972)  loss 0.441933 (0.456335)
[2021-03-23 21:19:15] INFO (nni.algorithms.nas.pytorch.darts.trainer/MainThread) Epoch [10/50] Step [131/391]  acc1 0.875000 (0.839456)  loss 0.395711 (0.460039)
[2021-03-23 21:19:33] INFO (nni.algorithms.nas.pytorch.darts.trainer/MainThread) Epoch [10/50] Step [141/391]  acc1 0.875000 (0.839761)  loss 0.369913 (0.460227)
[2021-03-23 21:19:51] INFO (nni.algorithms.nas.pytorch.darts.trainer/MainThread) Epoch [10/50] Step [151/391]  acc1 0.750000 (0.838680)  loss 0.618126 (0.466480)
[2021-03-23 21:20:10] INFO (nni.algorithms.nas.pytorch.darts.trainer/MainThread) Epoch [10/50] Step [161/391]  acc1 0.875000 (0.839189)  loss 0.393495 (0.465403)
[2021-03-23 21:20:28] INFO (nni.algorithms.nas.pytorch.darts.trainer/MainThread) Epoch [10/50] Step [171/391]  acc1 0.828125 (0.838907)  loss 0.461024 (0.464256)
[2021-03-23 21:20:46] INFO (nni.algorithms.nas.pytorch.darts.trainer/MainThread) Epoch [10/50] Step [181/391]  acc1 0.828125 (0.838657)  loss 0.467428 (0.464232)
[2021-03-23 21:21:05] INFO (nni.algorithms.nas.pytorch.darts.trainer/MainThread) Epoch [10/50] Step [191/391]  acc1 0.859375 (0.838024)  loss 0.344856 (0.466275)
[2021-03-23 21:21:23] INFO (nni.algorithms.nas.pytorch.darts.trainer/MainThread) Epoch [10/50] Step [201/391]  acc1 0.828125 (0.839241)  loss 0.425917 (0.463871)
[2021-03-23 21:21:41] INFO (nni.algorithms.nas.pytorch.darts.trainer/MainThread) Epoch [10/50] Step [211/391]  acc1 0.781250 (0.839899)  loss 0.626859 (0.462626)
[2021-03-23 21:22:00] INFO (nni.algorithms.nas.pytorch.darts.trainer/MainThread) Epoch [10/50] Step [221/391]  acc1 0.812500 (0.839579)  loss 0.601623 (0.464985)
[2021-03-23 21:22:18] INFO (nni.algorithms.nas.pytorch.darts.trainer/MainThread) Epoch [10/50] Step [231/391]  acc1 0.812500 (0.838677)  loss 0.514945 (0.467363)
[2021-03-23 21:22:36] INFO (nni.algorithms.nas.pytorch.darts.trainer/MainThread) Epoch [10/50] Step [241/391]  acc1 0.781250 (0.839147)  loss 0.530880 (0.465363)
[2021-03-23 21:22:55] INFO (nni.algorithms.nas.pytorch.darts.trainer/MainThread) Epoch [10/50] Step [251/391]  acc1 0.875000 (0.839392)  loss 0.416117 (0.464733)
[2021-03-23 21:23:13] INFO (nni.algorithms.nas.pytorch.darts.trainer/MainThread) Epoch [10/50] Step [261/391]  acc1 0.843750 (0.839440)  loss 0.489629 (0.464858)
[2021-03-23 21:23:31] INFO (nni.algorithms.nas.pytorch.darts.trainer/MainThread) Epoch [10/50] Step [271/391]  acc1 0.796875 (0.839714)  loss 0.447991 (0.463687)
[2021-03-23 21:23:50] INFO (nni.algorithms.nas.pytorch.darts.trainer/MainThread) Epoch [10/50] Step [281/391]  acc1 0.828125 (0.839969)  loss 0.517605 (0.463809)
[2021-03-23 21:24:08] INFO (nni.algorithms.nas.pytorch.darts.trainer/MainThread) Epoch [10/50] Step [291/391]  acc1 0.859375 (0.840689)  loss 0.481899 (0.462424)
[2021-03-23 21:24:26] INFO (nni.algorithms.nas.pytorch.darts.trainer/MainThread) Epoch [10/50] Step [301/391]  acc1 0.859375 (0.840532)  loss 0.382749 (0.461241)
[2021-03-23 21:24:45] INFO (nni.algorithms.nas.pytorch.darts.trainer/MainThread) Epoch [10/50] Step [311/391]  acc1 0.796875 (0.839580)  loss 0.503044 (0.462696)
[2021-03-23 21:25:03] INFO (nni.algorithms.nas.pytorch.darts.trainer/MainThread) Epoch [10/50] Step [321/391]  acc1 0.906250 (0.839953)  loss 0.288327 (0.463100)
[2021-03-23 21:25:21] INFO (nni.algorithms.nas.pytorch.darts.trainer/MainThread) Epoch [10/50] Step [331/391]  acc1 0.750000 (0.839596)  loss 0.576193 (0.464296)
[2021-03-23 21:25:40] INFO (nni.algorithms.nas.pytorch.darts.trainer/MainThread) Epoch [10/50] Step [341/391]  acc1 0.812500 (0.839626)  loss 0.597848 (0.465851)
[2021-03-23 21:25:58] INFO (nni.algorithms.nas.pytorch.darts.trainer/MainThread) Epoch [10/50] Step [351/391]  acc1 0.875000 (0.838809)  loss 0.413438 (0.467584)
[2021-03-23 21:26:16] INFO (nni.algorithms.nas.pytorch.darts.trainer/MainThread) Epoch [10/50] Step [361/391]  acc1 0.859375 (0.837734)  loss 0.421697 (0.470065)
[2021-03-23 21:26:34] INFO (nni.algorithms.nas.pytorch.darts.trainer/MainThread) Epoch [10/50] Step [371/391]  acc1 0.812500 (0.837054)  loss 0.519073 (0.471511)
[2021-03-23 21:26:53] INFO (nni.algorithms.nas.pytorch.darts.trainer/MainThread) Epoch [10/50] Step [381/391]  acc1 0.875000 (0.837106)  loss 0.260559 (0.470263)
[2021-03-23 21:27:11] INFO (nni.algorithms.nas.pytorch.darts.trainer/MainThread) Epoch [10/50] Step [391/391]  acc1 0.875000 (0.837476)  loss 0.362485 (0.468938)
[2021-03-23 21:27:11] INFO (nni.nas.pytorch.trainer/MainThread) Epoch 10 Validating
[2021-03-23 21:27:11] INFO (nni.algorithms.nas.pytorch.darts.trainer/MainThread) Epoch [10/50] Step [1/157]  acc1 0.765625 (0.765625)
[2021-03-23 21:27:13] INFO (nni.algorithms.nas.pytorch.darts.trainer/MainThread) Epoch [10/50] Step [11/157]  acc1 0.718750 (0.819602)
[2021-03-23 21:27:16] INFO (nni.algorithms.nas.pytorch.darts.trainer/MainThread) Epoch [10/50] Step [21/157]  acc1 0.781250 (0.803571)
[2021-03-23 21:27:18] INFO (nni.algorithms.nas.pytorch.darts.trainer/MainThread) Epoch [10/50] Step [31/157]  acc1 0.750000 (0.809980)
[2021-03-23 21:27:20] INFO (nni.algorithms.nas.pytorch.darts.trainer/MainThread) Epoch [10/50] Step [41/157]  acc1 0.796875 (0.802591)
[2021-03-23 21:27:23] INFO (nni.algorithms.nas.pytorch.darts.trainer/MainThread) Epoch [10/50] Step [51/157]  acc1 0.796875 (0.805147)
[2021-03-23 21:27:25] INFO (nni.algorithms.nas.pytorch.darts.trainer/MainThread) Epoch [10/50] Step [61/157]  acc1 0.812500 (0.802766)
[2021-03-23 21:27:27] INFO (nni.algorithms.nas.pytorch.darts.trainer/MainThread) Epoch [10/50] Step [71/157]  acc1 0.828125 (0.806558)
[2021-03-23 21:27:29] INFO (nni.algorithms.nas.pytorch.darts.trainer/MainThread) Epoch [10/50] Step [81/157]  acc1 0.765625 (0.806327)
[2021-03-23 21:27:32] INFO (nni.algorithms.nas.pytorch.darts.trainer/MainThread) Epoch [10/50] Step [91/157]  acc1 0.828125 (0.807692)
[2021-03-23 21:27:34] INFO (nni.algorithms.nas.pytorch.darts.trainer/MainThread) Epoch [10/50] Step [101/157]  acc1 0.765625 (0.806776)
[2021-03-23 21:27:36] INFO (nni.algorithms.nas.pytorch.darts.trainer/MainThread) Epoch [10/50] Step [111/157]  acc1 0.890625 (0.807292)
[2021-03-23 21:27:39] INFO (nni.algorithms.nas.pytorch.darts.trainer/MainThread) Epoch [10/50] Step [121/157]  acc1 0.859375 (0.807980)
[2021-03-23 21:27:41] INFO (nni.algorithms.nas.pytorch.darts.trainer/MainThread) Epoch [10/50] Step [131/157]  acc1 0.828125 (0.807610)
[2021-03-23 21:27:43] INFO (nni.algorithms.nas.pytorch.darts.trainer/MainThread) Epoch [10/50] Step [141/157]  acc1 0.796875 (0.806738)
[2021-03-23 21:27:45] INFO (nni.algorithms.nas.pytorch.darts.trainer/MainThread) Epoch [10/50] Step [151/157]  acc1 0.812500 (0.807533)
[2021-03-23 21:27:47] INFO (nni.nas.pytorch.callbacks/MainThread) Saving architecture to ./checkpoints/epoch_9.json
[2021-03-23 21:27:47] INFO (nni.nas.pytorch.trainer/MainThread) Epoch 11 Training
[2021-03-23 21:27:49] INFO (nni.algorithms.nas.pytorch.darts.trainer/MainThread) Epoch [11/50] Step [1/391]  acc1 0.906250 (0.906250)  loss 0.262998 (0.262998)
[2021-03-23 21:28:07] INFO (nni.algorithms.nas.pytorch.darts.trainer/MainThread) Epoch [11/50] Step [11/391]  acc1 0.859375 (0.842330)  loss 0.464561 (0.447246)
[2021-03-23 21:28:26] INFO (nni.algorithms.nas.pytorch.darts.trainer/MainThread) Epoch [11/50] Step [21/391]  acc1 0.906250 (0.854167)  loss 0.341869 (0.422246)
./run_search.sh: line 2: 16569 Killed                  python3 search.py --v1 --visualization
Files already downloaded and verified
Files already downloaded and verified
Traceback (most recent call last):
  File "retrain.py", line 131, in <module>
    apply_fixed_architecture(model, args.arc_checkpoint)
  File "/anaconda/envs/py37_default/lib/python3.7/site-packages/nni/nas/pytorch/fixed.py", line 140, in apply_fixed_architecture
    with open(fixed_arc) as f:
FileNotFoundError: [Errno 2] No such file or directory: './checkpoints/epoch_49.json'
Traceback (most recent call last):
  File "retrain.py", line 157, in <module>
    train(args, train_loader, model, optimizer, criterion, epoch)
  File "retrain.py", line 48, in train
    loss.backward()
  File "/anaconda/envs/py37_default/lib/python3.7/site-packages/torch/tensor.py", line 195, in backward
    torch.autograd.backward(self, gradient, retain_graph, create_graph)
  File "/anaconda/envs/py37_default/lib/python3.7/site-packages/torch/autograd/__init__.py", line 99, in backward
    allow_unreachable=True)  # allow_unreachable flag
  File "/anaconda/envs/py37_default/lib/python3.7/site-packages/torch/utils/data/_utils/signal_handling.py", line 66, in handler
    _error_if_any_worker_fails()
RuntimeError: DataLoader worker (pid 29533) is killed by signal: Killed. 
./run_search.sh: line 5: 29570 Killed                  python3 retrain.py --arc-checkpoint ./checkpoints/epoch_14.json > darts_epoch_14_data.txt
./run_search.sh: line 6: 29617 Killed                  python3 retrain.py --arc-checkpoint ./checkpoints/epoch_28.json > darts_epoch_28_data.txt
./run_search.sh: line 7: 29663 Killed                  python3 retrain.py --arc-checkpoint ./checkpoints/epoch_35.json > darts_epoch_35_data.txt
